3756
0 0 3 2
0 5 3 7
0 9 3 11
0 12 3 14
0 15 3 17
0 18 3 20
0 21 3 23
0 24 3 26
0 27 3 29
0 31 3 33
0 34 3 36
0 37 3 39
0 40 3 42
0 43 3 45
0 46 3 48
0 49 3 51
0 52 3 54
0 55 3 57
0 58 3 60
0 61 3 63
0 64 3 66
0 67 3 69
0 73 3 75
0 76 3 78
0 79 3 81
0 82 3 84
0 85 3 87
0 89 3 91
0 92 3 94
0 95 3 97
0 98 3 100
0 101 3 103
0 104 3 106
0 108 3 110
0 111 3 113
0 114 3 116
0 117 3 119
0 120 3 122
0 123 3 125
0 126 3 128
0 129 3 131
0 132 3 134
0 136 3 138
0 139 3 141
0 142 3 144
0 145 3 147
0 148 3 150
0 151 3 153
0 154 3 156
0 157 3 159
0 160 3 162
0 163 3 165
0 166 3 168
0 169 3 171
0 172 3 174
0 175 3 177
0 178 3 180
0 181 3 183
0 184 3 186
0 187 3 189
0 190 3 192
0 201 3 203
0 204 3 206
0 207 3 209
0 210 3 212
0 213 3 215
0 216 3 218
0 219 3 221
0 222 3 224
0 226 3 228
0 229 3 231
0 232 3 234
0 235 3 237
0 238 3 240
0 241 3 243
0 244 3 246
0 247 3 249
1 193 4 195
2 70 5 72
2 196 5 198
4 0 7 2
4 3 7 5
4 6 7 8
4 9 7 11
4 12 7 14
4 15 7 17
4 19 7 21
4 23 7 25
4 26 7 28
4 29 7 31
4 32 7 34
4 35 7 37
4 38 7 40
4 41 7 43
4 46 7 48
4 51 7 53
4 54 7 56
4 57 7 59
4 60 7 62
4 63 7 65
4 66 7 68
4 73 7 75
4 76 7 78
4 79 7 81
4 82 7 84
4 85 7 87
4 88 7 90
4 91 7 93
4 94 7 96
4 97 7 99
4 100 7 102
4 107 7 109
4 111 7 113
4 114 7 116
4 117 7 119
4 120 7 122
4 123 7 125
4 126 7 128
4 129 7 131
4 132 7 134
4 135 7 137
4 138 7 140
4 143 7 145
4 146 7 148
4 150 7 152
4 153 7 155
4 156 7 158
4 159 7 161
4 162 7 164
4 165 7 167
4 168 7 170
4 171 7 173
4 174 7 176
4 177 7 179
4 180 7 182
4 183 7 185
4 186 7 188
4 189 7 191
4 199 7 201
4 202 7 204
4 205 7 207
4 208 7 210
4 211 7 213
4 217 7 219
4 220 7 222
4 223 7 225
4 227 7 229
4 230 7 232
4 233 7 235
4 239 7 241
4 242 7 244
4 245 7 247
5 192 8 194
5 214 8 216
6 69 9 71
6 195 9 197
6 236 9 238
7 103 10 105
8 0 11 2
8 3 11 5
8 7 11 9
8 10 11 12
8 13 11 15
8 16 11 18
8 19 11 21
8 22 11 24
8 25 11 27
8 28 11 30
8 31 11 33
8 34 11 36
8 37 11 39
8 40 11 42
8 43 11 45
8 46 11 48
8 49 11 51
8 52 11 54
8 55 11 57
8 58 11 60
8 61 11 63
8 64 11 66
8 72 11 74
8 75 11 77
8 78 11 80
8 81 11 83
8 84 11 86
8 87 11 89
8 90 11 92
8 93 11 95
8 96 11 98
8 99 11 101
8 106 11 108
8 109 11 111
8 112 11 114
8 115 11 117
8 118 11 120
8 121 11 123
8 124 11 126
8 127 11 129
8 130 11 132
8 133 11 135
8 136 11 138
8 139 11 141
8 146 11 148
8 149 11 151
8 152 11 154
8 155 11 157
8 159 11 161
8 162 11 164
8 165 11 167
8 168 11 170
8 171 11 173
8 174 11 176
8 179 11 181
8 182 11 184
8 185 11 187
8 188 11 190
8 198 11 200
8 201 11 203
8 204 11 206
8 207 11 209
8 210 11 212
8 217 11 219
8 220 11 222
8 223 11 225
8 226 11 228
8 230 11 232
8 233 11 235
8 239 11 241
8 242 11 244
8 245 11 247
9 143 12 145
9 191 12 193
9 213 12 215
10 67 13 69
10 195 13 197
10 236 13 238
12 1 15 3
12 6 15 8
12 9 15 11
12 12 15 14
12 15 15 17
12 18 15 20
12 21 15 23
12 24 15 26
12 27 15 29
12 30 15 32
12 33 15 35
12 37 15 39
12 40 15 42
12 43 15 45
12 46 15 48
12 49 15 51
12 52 15 54
12 55 15 57
12 58 15 60
12 61 15 63
12 64 15 66
12 71 15 73
12 74 15 76
12 79 15 81
12 85 15 87
12 88 15 90
12 91 15 93
12 94 15 96
12 98 15 100
12 101 15 103
12 104 15 106
12 107 15 109
12 110 15 112
12 114 15 116
12 117 15 119
12 120 15 122
12 123 15 125
12 126 15 128
12 130 15 132
12 133 15 135
12 136 15 138
12 140 15 142
12 146 15 148
12 149 15 151
12 152 15 154
12 156 15 158
12 159 15 161
12 162 15 164
12 165 15 167
12 168 15 170
12 171 15 173
12 174 15 176
12 177 15 179
12 180 15 182
12 184 15 186
12 187 15 189
12 198 15 200
12 204 15 206
12 207 15 209
12 210 15 212
12 216 15 218
12 220 15 222
12 223 15 225
12 227 15 229
12 230 15 232
12 233 15 235
12 239 15 241
12 242 15 244
12 245 15 247
13 143 16 145
13 190 16 192
13 213 16 215
14 67 17 69
14 193 17 195
14 236 17 238
15 201 18 203
16 1 19 3
16 4 19 6
16 7 19 9
16 10 19 12
16 13 19 15
16 17 19 19
16 20 19 22
16 23 19 25
16 26 19 28
16 29 19 31
16 32 19 34
16 36 19 38
16 39 19 41
16 42 19 44
16 45 19 47
16 48 19 50
16 51 19 53
16 54 19 56
16 57 19 59
16 60 19 62
16 64 19 66
16 71 19 73
16 74 19 76
16 77 19 79
16 80 19 82
16 83 19 85
16 87 19 89
16 90 19 92
16 93 19 95
16 96 19 98
16 100 19 102
16 103 19 105
16 106 19 108
16 109 19 111
16 112 19 114
16 115 19 117
16 118 19 120
16 121 19 123
16 124 19 126
16 127 19 129
16 130 19 132
16 133 19 135
16 136 19 138
16 139 19 141
16 146 19 148
16 149 19 151
16 152 19 154
16 155 19 157
16 158 19 160
16 161 19 163
16 164 19 166
16 167 19 169
16 170 19 172
16 173 19 175
16 176 19 178
16 179 19 181
16 182 19 184
16 185 19 187
16 196 19 198
16 204 19 206
16 210 19 212
16 216 19 218
16 219 19 221
16 222 19 224
16 225 19 227
16 231 19 233
16 239 19 241
16 242 19 244
16 245 19 247
17 143 20 145
17 188 20 190
17 207 20 209
17 213 20 215
18 67 21 69
18 191 21 193
18 234 21 236
19 199 22 201
19 228 22 230
20 0 23 2
20 3 23 5
20 8 23 10
20 11 23 13
20 14 23 16
20 17 23 19
20 20 23 22
20 23 23 25
20 26 23 28
20 29 23 31
20 32 23 34
20 35 23 37
20 38 23 40
20 41 23 43
20 44 23 46
20 47 23 49
20 51 23 53
20 54 23 56
20 57 23 59
20 60 23 62
20 63 23 65
20 70 23 72
20 74 23 76
20 77 23 79
20 80 23 82
20 83 23 85
20 86 23 88
20 89 23 91
20 92 23 94
20 95 23 97
20 98 23 100
20 101 23 103
20 104 23 106
20 107 23 109
20 110 23 112
20 113 23 115
20 119 23 121
20 122 23 124
20 128 23 130
20 131 23 133
20 135 23 137
20 138 23 140
20 146 23 148
20 149 23 151
20 153 23 155
20 156 23 158
20 159 23 161
20 162 23 164
20 165 23 167
20 168 23 170
20 171 23 173
20 178 23 180
20 181 23 183
20 184 23 186
20 195 23 197
20 202 23 204
20 210 23 212
20 217 23 219
20 220 23 222
20 223 23 225
20 231 23 233
20 237 23 239
20 241 23 243
20 244 23 246
20 247 23 249
21 141 24 143
21 187 24 189
21 205 24 207
21 213 24 215
22 66 25 68
22 175 25 177
22 190 25 192
22 234 25 236
23 125 26 127
23 198 26 200
23 226 26 228
24 1 27 3
24 4 27 6
24 7 27 9
24 10 27 12
24 13 27 15
24 16 27 18
24 19 27 21
24 22 27 24
24 25 27 27
24 29 27 31
24 35 27 37
24 39 27 41
24 42 27 44
24 46 27 48
24 49 27 51
24 52 27 54
24 55 27 57
24 58 27 60
24 61 27 63
24 69 27 71
24 72 27 74
24 75 27 77
24 78 27 80
24 81 27 83
24 84 27 86
24 87 27 89
24 90 27 92
24 93 27 95
24 96 27 98
24 99 27 101
24 102 27 104
24 105 27 107
24 108 27 110
24 111 27 113
24 114 27 116
24 117 27 119
24 122 27 124
24 128 27 130
24 131 27 133
24 134 27 136
24 137 27 139
24 145 27 147
24 148 27 150
24 151 27 153
24 154 27 156
24 157 27 159
24 160 27 162
24 163 27 165
24 166 27 168
24 169 27 171
24 172 27 174
24 178 27 180
24 181 27 183
24 184 27 186
24 193 27 195
24 208 27 210
24 216 27 218
24 219 27 221
24 222 27 224
24 229 27 231
24 237 27 239
24 240 27 242
24 243 27 245
24 246 27 248
25 32 28 34
25 140 28 142
25 187 28 189
25 204 28 206
25 211 28 213
26 64 29 66
26 175 29 177
26 190 29 192
26 233 29 235
27 125 30 127
27 196 30 198
27 199 30 201
27 226 30 228
28 0 31 2
28 4 31 6
28 8 31 10
28 11 31 13
28 14 31 16
28 21 31 23
28 24 31 26
28 27 31 29
28 35 31 37
28 38 31 40
28 41 31 43
28 44 31 46
28 47 31 49
28 50 31 52
28 53 31 55
28 56 31 58
28 59 31 61
28 68 31 70
28 71 31 73
28 74 31 76
28 77 31 79
28 83 31 85
28 86 31 88
28 89 31 91
28 92 31 94
28 95 31 97
28 98 31 100
28 101 31 103
28 104 31 106
28 108 31 110
28 111 31 113
28 114 31 116
28 117 31 119
28 120 31 122
28 128 31 130
28 131 31 133
28 134 31 136
28 137 31 139
28 143 31 145
28 146 31 148
28 149 31 151
28 152 31 154
28 155 31 157
28 158 31 160
28 161 31 163
28 164 31 166
28 167 31 169
28 170 31 172
28 178 31 180
28 181 31 183
28 184 31 186
28 193 31 195
28 207 31 209
28 214 31 216
28 217 31 219
28 220 31 222
28 223 31 225
28 229 31 231
28 236 31 238
28 239 31 241
28 242 31 244
28 245 31 247
29 17 32 19
29 30 32 32
29 140 32 142
29 187 32 189
29 202 32 204
29 210 32 212
30 62 33 64
30 65 33 67
30 80 33 82
30 174 33 176
30 232 33 234
31 123 34 125
31 197 34 199
31 226 34 228
32 0 35 2
32 3 35 5
32 7 35 9
32 10 35 12
32 13 35 15
32 20 35 22
32 23 35 25
32 26 35 28
32 34 35 36
32 37 35 39
32 40 35 42
32 43 35 45
32 46 35 48
32 49 35 51
32 52 35 54
32 55 35 57
32 58 35 60
32 68 35 70
32 71 35 73
32 74 35 76
32 77 35 79
32 83 35 85
32 86 35 88
32 91 35 93
32 94 35 96
32 97 35 99
32 100 35 102
32 103 35 105
32 106 35 108
32 109 35 111
32 112 35 114
32 115 35 117
32 118 35 120
32 126 35 128
32 129 35 131
32 133 35 135
32 136 35 138
32 143 35 145
32 146 35 148
32 149 35 151
32 152 35 154
32 156 35 158
32 159 35 161
32 164 35 166
32 168 35 170
32 171 35 173
32 177 35 179
32 183 35 185
32 190 35 192
32 193 35 195
32 213 35 215
32 216 35 218
32 219 35 221
32 223 35 225
32 229 35 231
32 235 35 237
32 238 35 240
32 241 35 243
32 244 35 246
32 247 35 249
33 16 36 18
33 29 36 31
33 139 36 141
33 201 36 203
33 204 36 206
33 210 36 212
34 61 37 63
34 64 37 66
34 80 37 82
34 174 37 176
34 180 37 182
34 186 37 188
34 207 37 209
34 232 37 234
35 121 38 123
35 196 38 198
35 226 38 228
36 0 39 2
36 3 39 5
36 6 39 8
36 9 39 11
36 12 39 14
36 19 39 21
36 22 39 24
36 25 39 27
36 32 39 34
36 35 39 37
36 38 39 40
36 41 39 43
36 47 39 49
36 50 39 52
36 53 39 55
36 56 39 58
36 68 39 70
36 71 39 73
36 74 39 76
36 77 39 79
36 84 39 86
36 87 39 89
36 90 39 92
36 93 39 95
36 97 39 99
36 100 39 102
36 103 39 105
36 106 39 108
36 109 39 111
36 112 39 114
36 115 39 117
36 118 39 120
36 124 39 126
36 127 39 129
36 130 39 132
36 133 39 135
36 136 39 138
36 142 39 144
36 145 39 147
36 148 39 150
36 151 39 153
36 154 39 156
36 157 39 159
36 160 39 162
36 163 39 165
36 166 39 168
36 169 39 171
36 177 39 179
36 183 39 185
36 189 39 191
36 192 39 194
36 213 39 215
36 216 39 218
36 219 39 221
36 229 39 231
36 235 39 237
36 239 39 241
36 242 39 244
36 245 39 247
37 15 40 17
37 28 40 30
37 44 40 46
37 139 40 141
37 199 40 201
37 202 40 204
37 210 40 212
37 222 40 224
38 59 41 61
38 62 41 64
38 65 41 67
38 80 41 82
38 172 41 174
38 180 41 182
38 186 41 188
38 205 41 207
38 232 41 234
39 121 42 123
39 195 42 197
39 225 42 227
40 1 43 3
40 4 43 6
40 7 43 9
40 10 43 12
40 18 43 20
40 21 43 23
40 24 43 26
40 31 43 33
40 34 43 36
40 37 43 39
40 49 43 51
40 52 43 54
40 55 43 57
40 68 43 70
40 71 43 73
40 74 43 76
40 77 43 79
40 83 43 85
40 86 43 88
40 89 43 91
40 92 43 94
40 95 43 97
40 98 43 100
40 101 43 103
40 104 43 106
40 107 43 109
40 110 43 112
40 114 43 116
40 124 43 126
40 128 43 130
40 131 43 133
40 134 43 136
40 142 43 144
40 145 43 147
40 149 43 151
40 152 43 154
40 155 43 157
40 158 43 160
40 162 43 164
40 165 43 167
40 168 43 170
40 175 43 177
40 183 43 185
40 189 43 191
40 192 43 194
40 213 43 215
40 217 43 219
40 235 43 237
40 241 43 243
40 244 43 246
40 247 43 249
41 13 44 15
41 27 44 29
41 41 44 43
41 44 44 46
41 137 44 139
41 198 44 200
41 201 44 203
41 208 44 210
41 220 44 222
41 228 44 230
42 58 45 60
42 61 45 63
42 64 45 66
42 171 45 173
42 178 45 180
42 204 45 206
42 231 45 233
43 119 46 121
43 186 46 188
43 195 46 197
43 223 46 225
44 0 47 2
44 3 47 5
44 6 47 8
44 9 47 11
44 16 47 18
44 19 47 21
44 22 47 24
44 30 47 32
44 34 47 36
44 37 47 39
44 47 47 49
44 50 47 52
44 53 47 55
44 67 47 69
44 70 47 72
44 73 47 75
44 76 47 78
44 79 47 81
44 82 47 84
44 85 47 87
44 88 47 90
44 91 47 93
44 94 47 96
44 97 47 99
44 100 47 102
44 105 47 107
44 108 47 110
44 111 47 113
44 114 47 116
44 122 47 124
44 125 47 127
44 128 47 130
44 131 47 133
44 140 47 142
44 143 47 145
44 146 47 148
44 149 47 151
44 154 47 156
44 157 47 159
44 160 47 162
44 163 47 165
44 166 47 168
44 174 47 176
44 181 47 183
44 189 47 191
44 192 47 194
44 211 47 213
44 214 47 216
44 235 47 237
44 238 47 240
44 241 47 243
44 244 47 246
44 247 47 249
45 12 48 14
45 25 48 27
45 40 48 42
45 43 48 45
45 135 48 137
45 198 48 200
45 201 48 203
45 207 48 209
45 217 48 219
45 220 48 222
45 226 48 228
46 57 49 59
46 60 49 62
46 63 49 65
46 169 49 171
46 177 49 179
46 204 49 206
46 229 49 231
46 232 49 234
47 117 50 119
47 184 50 186
47 195 50 197
47 223 50 225
48 0 51 2
48 3 51 5
48 6 51 8
48 9 51 11
48 15 51 17
48 21 51 23
48 29 51 31
48 32 51 34
48 35 51 37
48 46 51 48
48 49 51 51
48 66 51 68
48 69 51 71
48 72 51 74
48 75 51 77
48 78 51 80
48 81 51 83
48 84 51 86
48 87 51 89
48 90 51 92
48 93 51 95
48 96 51 98
48 99 51 101
48 103 51 105
48 108 51 110
48 111 51 113
48 120 51 122
48 123 51 125
48 126 51 128
48 129 51 131
48 132 51 134
48 138 51 140
48 141 51 143
48 144 51 146
48 148 51 150
48 151 51 153
48 155 51 157
48 158 51 160
48 161 51 163
48 164 51 166
48 172 51 174
48 180 51 182
48 187 51 189
48 190 51 192
48 210 51 212
48 213 51 215
48 235 51 237
48 239 51 241
48 244 51 246
48 247 51 249
49 12 52 14
49 18 52 20
49 24 52 26
49 39 52 41
49 42 52 44
49 54 52 56
49 114 52 116
49 135 52 137
49 198 52 200
49 201 52 203
49 207 52 209
49 216 52 218
49 219 52 221
49 226 52 228
50 57 53 59
50 60 53 62
50 63 53 65
50 167 53 169
50 175 53 177
50 204 53 206
50 229 53 231
50 232 53 234
51 117 54 119
51 183 54 185
51 193 54 195
51 222 54 224
52 0 55 2
52 3 55 5
52 6 55 8
52 9 55 11
52 15 55 17
52 21 55 23
52 27 55 29
52 31 55 33
52 34 55 36
52 45 55 47
52 48 55 50
52 51 55 53
52 66 55 68
52 71 55 73
52 74 55 76
52 77 55 79
52 81 55 83
52 84 55 86
52 87 55 89
52 90 55 92
52 93 55 95
52 96 55 98
52 99 55 101
52 102 55 104
52 105 55 107
52 108 55 110
52 111 55 113
52 120 55 122
52 123 55 125
52 126 55 128
52 129 55 131
52 132 55 134
52 138 55 140
52 142 55 144
52 145 55 147
52 150 55 152
52 153 55 155
52 156 55 158
52 159 55 161
52 162 55 164
52 170 55 172
52 178 55 180
52 186 55 188
52 210 55 212
52 213 55 215
52 241 55 243
52 244 55 246
52 247 55 249
53 12 56 14
53 18 56 20
53 24 56 26
53 37 56 39
53 40 56 42
53 54 56 56
53 114 56 116
53 135 56 137
53 190 56 192
53 196 56 198
53 199 56 201
53 207 56 209
53 216 56 218
53 219 56 221
53 225 56 227
53 235 56 237
54 57 57 59
54 60 57 62
54 63 57 65
54 165 57 167
54 173 57 175
54 204 57 206
54 228 57 230
54 231 57 233
54 238 57 240
55 117 58 119
55 181 58 183
55 193 58 195
55 222 58 224
56 0 59 2
56 3 59 5
56 6 59 8
56 9 59 11
56 29 59 31
56 32 59 34
56 43 59 45
56 46 59 48
56 50 59 52
56 66 59 68
56 69 59 71
56 72 59 74
56 75 59 77
56 78 59 80
56 82 59 84
56 85 59 87
56 88 59 90
56 93 59 95
56 96 59 98
56 99 59 101
56 102 59 104
56 105 59 107
56 108 59 110
56 120 59 122
56 123 59 125
56 126 59 128
56 129 59 131
56 132 59 134
56 138 59 140
56 141 59 143
56 144 59 146
56 147 59 149
56 150 59 152
56 153 59 155
56 156 59 158
56 160 59 162
56 168 59 170
56 176 59 178
56 184 59 186
56 187 59 189
56 210 59 212
56 213 59 215
56 241 59 243
56 244 59 246
56 247 59 249
57 12 60 14
57 16 60 18
57 21 60 23
57 24 60 26
57 35 60 37
57 38 60 40
57 54 60 56
57 112 60 114
57 135 60 137
57 196 60 198
57 199 60 201
57 207 60 209
57 217 60 219
57 234 60 236
58 57 61 59
58 60 61 62
58 63 61 65
58 163 61 165
58 171 61 173
58 202 61 204
58 226 61 228
58 229 61 231
58 237 61 239
59 179 62 181
59 191 62 193
59 220 62 222
59 223 62 225
60 1 63 3
60 5 63 7
60 8 63 10
60 27 63 29
60 31 63 33
60 41 63 43
60 44 63 46
60 47 63 49
60 51 63 53
60 66 63 68
60 69 63 71
60 72 63 74
60 75 63 77
60 78 63 80
60 81 63 83
60 84 63 86
60 87 63 89
60 90 63 92
60 93 63 95
60 96 63 98
60 99 63 101
60 102 63 104
60 105 63 107
60 108 63 110
60 122 63 124
60 125 63 127
60 128 63 130
60 131 63 133
60 138 63 140
60 141 63 143
60 144 63 146
60 149 63 151
60 153 63 155
60 156 63 158
60 159 63 161
60 167 63 169
60 174 63 176
60 182 63 184
60 185 63 187
60 188 63 190
60 210 63 212
60 214 63 216
60 240 63 242
60 243 63 245
60 246 63 248
61 11 64 13
61 14 64 16
61 17 64 19
61 20 64 22
61 34 64 36
61 54 64 56
61 112 64 114
61 116 64 118
61 134 64 136
61 194 64 196
61 197 64 199
61 205 64 207
61 217 64 219
61 232 64 234
62 23 65 25
62 37 65 39
62 57 65 59
62 60 65 62
62 162 65 164
62 200 65 202
62 226 65 228
62 229 65 231
62 237 65 239
63 63 66 65
63 119 66 121
63 171 66 173
63 177 66 179
63 191 66 193
63 221 66 223
64 0 67 2
64 6 67 8
64 26 67 28
64 29 67 31
64 42 67 44
64 45 67 47
64 48 67 50
64 51 67 53
64 66 67 68
64 69 67 71
64 72 67 74
64 75 67 77
64 83 67 85
64 86 67 88
64 89 67 91
64 92 67 94
64 95 67 97
64 98 67 100
64 101 67 103
64 104 67 106
64 107 67 109
64 122 67 124
64 125 67 127
64 128 67 130
64 131 67 133
64 137 67 139
64 140 67 142
64 143 67 145
64 146 67 148
64 149 67 151
64 152 67 154
64 155 67 157
64 158 67 160
64 165 67 167
64 168 67 170
64 174 67 176
64 180 67 182
64 183 67 185
64 186 67 188
64 208 67 210
64 211 67 213
64 214 67 216
64 240 67 242
64 243 67 245
64 246 67 248
65 9 68 11
65 12 68 14
65 16 68 18
65 19 68 21
65 32 68 34
65 54 68 56
65 78 68 80
65 110 68 112
65 113 68 115
65 116 68 118
65 134 68 136
65 194 68 196
65 203 68 205
65 217 68 219
65 232 68 234
66 3 69 5
66 22 69 24
66 35 69 37
66 39 69 41
66 57 69 59
66 60 69 62
66 161 69 163
66 200 69 202
66 224 69 226
66 227 69 229
66 235 69 237
67 63 70 65
67 119 70 121
67 177 70 179
67 189 70 191
67 197 70 199
67 220 70 222
68 0 71 2
68 6 71 8
68 25 71 27
68 28 71 30
68 43 71 45
68 46 71 48
68 49 71 51
68 66 71 68
68 69 71 71
68 72 71 74
68 75 71 77
68 81 71 83
68 84 71 86
68 87 71 89
68 90 71 92
68 93 71 95
68 96 71 98
68 99 71 101
68 102 71 104
68 105 71 107
68 122 71 124
68 125 71 127
68 128 71 130
68 131 71 133
68 137 71 139
68 140 71 142
68 143 71 145
68 146 71 148
68 149 71 151
68 152 71 154
68 155 71 157
68 158 71 160
68 165 71 167
68 168 71 170
68 171 71 173
68 174 71 176
68 180 71 182
68 183 71 185
68 186 71 188
68 206 71 208
68 209 71 211
68 212 71 214
68 238 71 240
68 241 71 243
68 244 71 246
68 247 71 249
69 9 72 11
69 12 72 14
69 15 72 17
69 18 72 20
69 31 72 33
69 52 72 54
69 78 72 80
69 109 72 111
69 112 72 114
69 115 72 117
69 134 72 136
69 192 72 194
69 203 72 205
69 215 72 217
69 230 72 232
70 3 73 5
70 21 73 23
70 34 73 36
70 37 73 39
70 40 73 42
70 56 73 58
70 59 73 61
70 161 73 163
70 200 73 202
70 223 73 225
70 226 73 228
71 62 74 64
71 177 74 179
71 195 74 197
71 218 74 220
71 233 74 235
72 0 75 2
72 6 75 8
72 24 75 26
72 27 75 29
72 43 75 45
72 46 75 48
72 49 75 51
72 65 75 67
72 70 75 72
72 73 75 75
72 81 75 83
72 84 75 86
72 87 75 89
72 90 75 92
72 96 75 98
72 100 75 102
72 103 75 105
72 106 75 108
72 120 75 122
72 125 75 127
72 128 75 130
72 131 75 133
72 137 75 139
72 140 75 142
72 143 75 145
72 149 75 151
72 152 75 154
72 157 75 159
72 164 75 166
72 168 75 170
72 171 75 173
72 174 75 176
72 180 75 182
72 183 75 185
72 186 75 188
72 206 75 208
72 209 75 211
72 212 75 214
72 236 75 238
72 240 75 242
72 243 75 245
72 246 75 248
73 9 76 11
73 12 76 14
73 15 76 17
73 18 76 20
73 31 76 33
73 52 76 54
73 76 76 78
73 111 76 113
73 114 76 116
73 134 76 136
73 146 76 148
73 189 76 191
73 192 76 194
73 203 76 205
73 215 76 217
73 229 76 231
74 3 77 5
74 21 77 23
74 34 77 36
74 39 77 41
74 55 77 57
74 58 77 60
74 160 77 162
74 221 77 223
74 224 77 226
75 61 78 63
75 93 78 95
75 177 78 179
75 195 78 197
75 198 78 200
75 232 78 234
76 0 79 2
76 6 79 8
76 24 79 26
76 27 79 29
76 42 79 44
76 45 79 47
76 48 79 50
76 64 79 66
76 67 79 69
76 71 79 73
76 79 79 81
76 82 79 84
76 89 79 91
76 96 79 98
76 99 79 101
76 102 79 104
76 105 79 107
76 108 79 110
76 117 79 119
76 124 79 126
76 127 79 129
76 130 79 132
76 137 79 139
76 140 79 142
76 143 79 145
76 149 79 151
76 152 79 154
76 155 79 157
76 163 79 165
76 166 79 168
76 171 79 173
76 180 79 182
76 183 79 185
76 186 79 188
76 206 79 208
76 209 79 211
76 212 79 214
76 218 79 220
76 235 79 237
76 238 79 240
76 241 79 243
76 244 79 246
76 247 79 249
77 12 80 14
77 15 80 17
77 18 80 20
77 30 80 32
77 51 80 53
77 74 80 76
77 85 80 87
77 111 80 113
77 114 80 116
77 134 80 136
77 174 80 176
77 189 80 191
77 201 80 203
77 227 80 229
78 3 81 5
78 21 81 23
78 33 81 35
78 36 81 38
78 39 81 41
78 54 81 56
78 57 81 59
78 146 81 148
78 158 81 160
78 192 81 194
78 215 81 217
78 221 81 223
78 224 81 226
79 9 82 11
79 92 82 94
79 121 82 123
79 177 82 179
79 196 82 198
79 230 82 232
80 0 83 2
80 6 83 8
80 24 83 26
80 27 83 29
80 44 83 46
80 47 83 49
80 60 83 62
80 63 83 65
80 66 83 68
80 69 83 71
80 77 83 79
80 82 83 84
80 88 83 90
80 95 83 97
80 98 83 100
80 101 83 103
80 104 83 106
80 107 83 109
80 126 83 128
80 129 83 131
80 137 83 139
80 141 83 143
80 149 83 151
80 152 83 154
80 155 83 157
80 161 83 163
80 164 83 166
80 167 83 169
80 171 83 173
80 181 83 183
80 186 83 188
80 204 83 206
80 207 83 209
80 210 83 212
80 218 83 220
80 233 83 235
80 240 83 242
80 243 83 245
80 247 83 249
81 12 84 14
81 15 84 17
81 18 84 20
81 30 84 32
81 50 84 52
81 72 84 74
81 85 84 87
81 110 84 112
81 113 84 115
81 116 84 118
81 132 84 134
81 174 84 176
81 189 84 191
81 199 84 201
81 227 84 229
81 236 84 238
82 3 85 5
82 21 85 23
82 33 85 35
82 36 85 38
82 39 85 41
82 53 85 55
82 56 85 58
82 144 85 146
82 158 85 160
82 192 85 194
82 213 85 215
82 221 85 223
82 224 85 226
83 9 86 11
83 91 86 93
83 119 86 121
83 122 86 124
83 177 86 179
83 195 86 197
83 230 86 232
84 0 87 2
84 6 87 8
84 24 87 26
84 27 87 29
84 42 87 44
84 45 87 47
84 59 87 61
84 62 87 64
84 65 87 67
84 68 87 70
84 76 87 78
84 81 87 83
84 88 87 90
84 95 87 97
84 98 87 100
84 101 87 103
84 104 87 106
84 107 87 109
84 126 87 128
84 129 87 131
84 135 87 137
84 138 87 140
84 147 87 149
84 151 87 153
84 154 87 156
84 161 87 163
84 164 87 166
84 167 87 169
84 170 87 172
84 180 87 182
84 183 87 185
84 186 87 188
84 202 87 204
84 205 87 207
84 208 87 210
84 216 87 218
84 233 87 235
84 239 87 241
84 242 87 244
84 245 87 247
85 12 88 14
85 15 88 17
85 48 88 50
85 71 88 73
85 84 88 86
85 110 88 112
85 113 88 115
85 116 88 118
85 141 88 143
85 173 88 175
85 189 88 191
85 198 88 200
85 227 88 229
85 236 88 238
86 3 89 5
86 19 89 21
86 33 89 35
86 36 89 38
86 39 89 41
86 51 89 53
86 54 89 56
86 132 89 134
86 144 89 146
86 157 89 159
86 192 89 194
86 211 89 213
86 219 89 221
86 222 89 224
87 9 90 11
87 30 90 32
87 91 90 93
87 119 90 121
87 122 90 124
87 176 90 178
87 230 90 232
88 0 91 2
88 6 91 8
88 22 91 24
88 25 91 27
88 44 91 46
88 57 91 59
88 60 91 62
88 64 91 66
88 74 91 76
88 77 91 79
88 80 91 82
88 87 91 89
88 94 91 96
88 97 91 99
88 101 91 103
88 104 91 106
88 107 91 109
88 125 91 127
88 128 91 130
88 135 91 137
88 138 91 140
88 147 91 149
88 150 91 152
88 153 91 155
88 161 91 163
88 164 91 166
88 167 91 169
88 170 91 172
88 179 91 181
88 182 91 184
88 185 91 187
88 201 91 203
88 204 91 206
88 214 91 216
88 233 91 235
88 239 91 241
88 242 91 244
88 245 91 247
89 15 92 17
89 47 92 49
89 67 92 69
89 70 92 72
89 83 92 85
89 110 92 112
89 113 92 115
89 116 92 118
89 141 92 143
89 173 92 175
89 195 92 197
89 198 92 200
89 226 92 228
89 236 92 238
90 3 93 5
90 18 93 20
90 33 93 35
90 36 93 38
90 39 93 41
90 50 93 52
90 53 93 55
90 131 93 133
90 156 93 158
90 188 93 190
90 192 93 194
90 209 93 211
90 217 93 219
90 220 93 222
91 9 94 11
91 28 94 30
91 90 94 92
91 119 94 121
91 122 94 124
91 176 94 178
91 223 94 225
91 229 94 231
92 0 95 2
92 6 95 8
92 12 95 14
92 21 95 23
92 24 95 26
92 42 95 44
92 56 95 58
92 59 95 61
92 63 95 65
92 73 95 75
92 76 95 78
92 79 95 81
92 86 95 88
92 95 95 97
92 98 95 100
92 102 95 104
92 105 95 107
92 125 95 127
92 134 95 136
92 137 95 139
92 145 95 147
92 148 95 150
92 151 95 153
92 159 95 161
92 162 95 164
92 165 95 167
92 168 95 170
92 179 95 181
92 182 95 184
92 201 95 203
92 204 95 206
92 213 95 215
92 232 95 234
92 240 95 242
92 243 95 245
92 246 95 248
93 45 96 47
93 66 96 68
93 69 96 71
93 82 96 84
93 108 96 110
93 111 96 113
93 114 96 116
93 128 96 130
93 140 96 142
93 171 96 173
93 185 96 187
93 195 96 197
93 198 96 200
93 226 96 228
93 235 96 237
94 3 97 5
94 16 97 18
94 31 97 33
94 34 97 36
94 37 97 39
94 48 97 50
94 51 97 53
94 131 97 133
94 154 97 156
94 188 97 190
94 191 97 193
94 207 97 209
94 210 97 212
94 216 97 218
94 220 97 222
95 9 98 11
95 27 98 29
95 89 98 91
95 92 98 94
95 117 98 119
95 120 98 122
95 174 98 176
95 223 98 225
95 229 98 231
96 6 99 8
96 12 99 14
96 20 99 22
96 24 99 26
96 40 99 42
96 55 99 57
96 58 99 60
96 61 99 63
96 72 99 74
96 76 99 78
96 79 99 81
96 86 99 88
96 95 99 97
96 99 99 101
96 102 99 104
96 105 99 107
96 124 99 126
96 134 99 136
96 137 99 139
96 143 99 145
96 146 99 148
96 149 99 151
96 157 99 159
96 160 99 162
96 163 99 165
96 166 99 168
96 177 99 179
96 180 99 182
96 203 99 205
96 213 99 215
96 232 99 234
96 238 99 240
96 241 99 243
96 244 99 246
96 247 99 249
97 43 100 45
97 64 100 66
97 67 100 69
97 82 100 84
97 111 100 113
97 127 100 129
97 140 100 142
97 169 100 171
97 183 100 185
97 194 100 196
97 197 100 199
97 200 100 202
97 226 100 228
97 235 100 237
98 0 101 2
98 3 101 5
98 17 101 19
98 31 101 33
98 35 101 37
98 46 101 48
98 49 101 51
98 52 101 54
98 130 101 132
98 152 101 154
98 186 101 188
98 189 101 191
98 206 101 208
98 209 101 211
98 216 101 218
98 219 101 221
99 9 102 11
99 28 102 30
99 89 102 91
99 92 102 94
99 108 102 110
99 115 102 117
99 118 102 120
99 173 102 175
99 229 102 231
100 6 103 8
100 12 103 14
100 20 103 22
100 23 103 25
100 38 103 40
100 55 103 57
100 58 103 60
100 61 103 63
100 73 103 75
100 77 103 79
100 85 103 87
100 95 103 97
100 98 103 100
100 104 103 106
100 121 103 123
100 124 103 126
100 134 103 136
100 137 103 139
100 143 103 145
100 146 103 148
100 155 103 157
100 158 103 160
100 161 103 163
100 164 103 166
100 176 103 178
100 179 103 181
100 203 103 205
100 212 103 214
100 222 103 224
100 232 103 234
100 238 103 240
100 241 103 243
100 244 103 246
100 247 103 249
101 41 104 43
101 64 104 66
101 80 104 82
101 112 104 114
101 127 104 129
101 149 104 151
101 167 104 169
101 170 104 172
101 182 104 184
101 192 104 194
101 195 104 197
101 198 104 200
101 225 104 227
101 235 104 237
102 0 105 2
102 15 105 17
102 31 105 33
102 34 105 36
102 44 105 46
102 47 105 49
102 50 105 52
102 68 105 70
102 101 105 103
102 130 105 132
102 152 105 154
102 185 105 187
102 188 105 190
102 206 105 208
102 209 105 211
102 215 105 217
102 218 105 220
103 9 106 11
103 27 106 29
103 88 106 90
103 91 106 93
103 107 106 109
103 115 106 117
103 140 106 142
103 228 106 230
104 6 107 8
104 12 107 14
104 18 107 20
104 21 107 23
104 24 107 26
104 37 107 39
104 53 107 55
104 56 107 58
104 59 107 61
104 74 107 76
104 77 107 79
104 83 107 85
104 94 107 96
104 97 107 99
104 104 107 106
104 119 107 121
104 122 107 124
104 133 107 135
104 136 107 138
104 143 107 145
104 146 107 148
104 155 107 157
104 161 107 163
104 164 107 166
104 175 107 177
104 178 107 180
104 201 107 203
104 212 107 214
104 222 107 224
104 231 107 233
104 238 107 240
104 241 107 243
104 244 107 246
104 247 107 249
105 3 108 5
105 40 108 42
105 62 108 64
105 110 108 112
105 125 108 127
105 149 108 151
105 158 108 160
105 168 108 170
105 172 108 174
105 181 108 183
105 192 108 194
105 195 108 197
105 198 108 200
105 225 108 227
105 234 108 236
106 0 109 2
106 15 109 17
106 30 109 32
106 33 109 35
106 43 109 45
106 46 109 48
106 49 109 51
106 66 109 68
106 69 109 71
106 80 109 82
106 100 109 102
106 128 109 130
106 152 109 154
106 184 109 186
106 187 109 189
106 204 109 206
106 208 109 210
106 215 109 217
106 218 109 220
107 9 110 11
107 27 110 29
107 86 110 88
107 89 110 91
107 107 110 109
107 113 110 115
107 139 110 141
107 228 110 230
108 6 111 8
108 12 111 14
108 18 111 20
108 21 111 23
108 24 111 26
108 52 111 54
108 56 111 58
108 59 111 61
108 72 111 74
108 75 111 77
108 92 111 94
108 95 111 97
108 104 111 106
108 117 111 119
108 120 111 122
108 131 111 133
108 135 111 137
108 142 111 144
108 146 111 148
108 155 111 157
108 161 111 163
108 164 111 166
108 175 111 177
108 178 111 180
108 201 111 203
108 211 111 213
108 221 111 223
108 239 111 241
108 242 111 244
108 245 111 247
109 3 112 5
109 37 112 39
109 40 112 42
109 62 112 64
109 110 112 112
109 123 112 125
109 149 112 151
109 167 112 169
109 172 112 174
109 181 112 183
109 190 112 192
109 193 112 195
109 196 112 198
109 224 112 226
109 233 112 235
110 0 113 2
110 15 113 17
110 30 113 32
110 33 113 35
110 43 113 45
110 46 113 48
110 65 113 67
110 68 113 70
110 78 113 80
110 81 113 83
110 98 113 100
110 101 113 103
110 128 113 130
110 152 113 154
110 158 113 160
110 184 113 186
110 187 113 189
110 204 113 206
110 207 113 209
110 214 113 216
110 217 113 219
111 9 114 11
111 27 114 29
111 84 114 86
111 87 114 89
111 107 114 109
111 113 114 115
111 138 114 140
111 228 114 230
111 236 114 238
112 6 115 8
112 12 115 14
112 18 115 20
112 21 115 23
112 24 115 26
112 50 115 52
112 53 115 55
112 56 115 58
112 59 115 61
112 71 115 73
112 74 115 76
112 90 115 92
112 94 115 96
112 104 115 106
112 117 115 119
112 120 115 122
112 131 115 133
112 134 115 136
112 142 115 144
112 145 115 147
112 155 115 157
112 161 115 163
112 164 115 166
112 175 115 177
112 178 115 180
112 199 115 201
112 210 115 212
112 220 115 222
112 239 115 241
112 242 115 244
112 245 115 247
113 3 116 5
113 36 116 38
113 39 116 41
113 62 116 64
113 110 116 112
113 123 116 125
113 148 116 150
113 167 116 169
113 170 116 172
113 181 116 183
113 190 116 192
113 193 116 195
113 196 116 198
113 223 116 225
113 231 116 233
114 0 117 2
114 30 117 32
114 33 117 35
114 42 117 44
114 45 117 47
114 65 117 67
114 80 117 82
114 97 117 99
114 100 117 102
114 126 117 128
114 151 117 153
114 158 117 160
114 184 117 186
114 187 117 189
114 202 117 204
114 205 117 207
114 216 117 218
115 9 118 11
115 27 118 29
115 77 118 79
115 83 118 85
115 86 118 88
115 107 118 109
115 113 118 115
115 137 118 139
115 226 118 228
115 234 118 236
116 6 119 8
116 13 119 15
116 17 119 19
116 20 119 22
116 23 119 25
116 48 119 50
116 51 119 53
116 54 119 56
116 58 119 60
116 68 119 70
116 71 119 73
116 74 119 76
116 89 119 91
116 92 119 94
116 103 119 105
116 116 119 118
116 119 119 121
116 129 119 131
116 132 119 134
116 140 119 142
116 143 119 145
116 154 119 156
116 161 119 163
116 164 119 166
116 173 119 175
116 176 119 178
116 208 119 210
116 211 119 213
116 219 119 221
116 237 119 239
116 240 119 242
116 243 119 245
116 246 119 248
117 3 120 5
117 36 120 38
117 39 120 41
117 61 120 63
117 110 120 112
117 122 120 124
117 146 120 148
117 167 120 169
117 170 120 172
117 179 120 181
117 190 120 192
117 194 120 196
117 197 120 199
117 222 120 224
117 229 120 231
118 0 121 2
118 30 121 32
118 33 121 35
118 42 121 44
118 45 121 47
118 64 121 66
118 80 121 82
118 95 121 97
118 98 121 100
118 125 121 127
118 150 121 152
118 157 121 159
118 182 121 184
118 185 121 187
118 200 121 202
118 203 121 205
118 214 121 216
119 9 122 11
119 77 122 79
119 83 122 85
119 86 122 88
119 107 122 109
119 113 122 115
119 135 122 137
119 225 122 227
119 232 122 234
120 6 123 8
120 12 123 14
120 15 123 17
120 18 123 20
120 21 123 23
120 24 123 26
120 48 123 50
120 51 123 53
120 54 123 56
120 57 123 59
120 68 123 70
120 71 123 73
120 74 123 76
120 89 123 91
120 92 123 94
120 101 123 103
120 104 123 106
120 117 123 119
120 128 123 130
120 131 123 133
120 138 123 140
120 141 123 143
120 153 123 155
120 160 123 162
120 174 123 176
120 208 123 210
120 211 123 213
120 217 123 219
120 235 123 237
120 238 123 240
120 241 123 243
120 245 123 247
121 27 124 29
121 36 124 38
121 60 124 62
121 110 124 112
121 120 124 122
121 144 124 146
121 147 124 149
121 163 124 165
121 168 124 170
121 171 124 173
121 177 124 179
121 189 124 191
121 192 124 194
121 195 124 197
121 220 124 222
121 228 124 230
122 0 125 2
122 3 125 5
122 30 125 32
122 42 125 44
122 45 125 47
122 63 125 65
122 80 125 82
122 95 125 97
122 98 125 100
122 123 125 125
122 150 125 152
122 156 125 158
122 180 125 182
122 183 125 185
122 186 125 188
122 198 125 200
122 201 125 203
122 204 125 206
122 214 125 216
123 9 126 11
123 33 126 35
123 39 126 41
123 83 126 85
123 86 126 88
123 107 126 109
123 114 126 116
123 134 126 136
123 223 126 225
123 231 126 233
124 6 127 8
124 12 127 14
124 15 127 17
124 18 127 20
124 22 127 24
124 48 127 50
124 51 127 53
124 54 127 56
124 57 127 59
124 66 127 68
124 69 127 71
124 72 127 74
124 75 127 77
124 89 127 91
124 92 127 94
124 101 127 103
124 104 127 106
124 128 127 130
124 137 127 139
124 140 127 142
124 153 127 155
124 159 127 161
124 174 127 176
124 207 127 209
124 210 127 212
124 217 127 219
124 234 127 236
124 237 127 239
124 240 127 242
124 243 127 245
125 25 128 27
125 60 128 62
125 110 128 112
125 118 128 120
125 143 128 145
125 147 128 149
125 162 128 164
125 165 128 167
125 168 128 170
125 171 128 173
125 177 128 179
125 189 128 191
125 192 128 194
125 195 128 197
125 220 128 222
125 226 128 228
125 247 128 249
126 0 129 2
126 3 129 5
126 28 129 30
126 42 129 44
126 45 129 47
126 78 129 80
126 95 129 97
126 98 129 100
126 121 129 123
126 124 129 126
126 131 129 133
126 150 129 152
126 156 129 158
126 180 129 182
126 183 129 185
126 186 129 188
126 198 129 200
126 201 129 203
126 204 129 206
126 213 129 215
127 9 130 11
127 33 130 35
127 39 130 41
127 63 130 65
127 81 130 83
127 84 130 86
127 107 130 109
127 113 130 115
127 134 130 136
127 223 130 225
127 230 130 232
128 6 131 8
128 15 131 17
128 18 131 20
128 21 131 23
128 36 131 38
128 48 131 50
128 51 131 53
128 54 131 56
128 57 131 59
128 68 131 70
128 71 131 73
128 74 131 76
128 87 131 89
128 90 131 92
128 101 131 103
128 104 131 106
128 127 131 129
128 137 131 139
128 140 131 142
128 153 131 155
128 159 131 161
128 207 131 209
128 210 131 212
128 216 131 218
128 233 131 235
128 236 131 238
128 239 131 241
128 243 131 245
129 24 132 26
129 60 132 62
129 116 132 118
129 143 132 145
129 146 132 148
129 162 132 164
129 168 132 170
129 172 132 174
129 176 132 178
129 189 132 191
129 194 132 196
129 219 132 221
129 226 132 228
129 246 132 248
130 0 133 2
130 3 133 5
130 12 133 14
130 27 133 29
130 30 133 32
130 42 133 44
130 45 133 47
130 77 133 79
130 93 133 95
130 96 133 98
130 119 133 121
130 122 133 124
130 149 133 151
130 165 133 167
130 179 133 181
130 182 133 184
130 186 133 188
130 198 133 200
130 201 133 203
130 204 133 206
130 213 133 215
131 9 134 11
131 33 134 35
131 39 134 41
131 63 134 65
131 83 134 85
131 107 134 109
131 111 134 113
131 134 134 136
131 156 134 158
131 222 134 224
132 6 135 8
132 15 135 17
132 18 135 20
132 21 135 23
132 36 135 38
132 48 135 50
132 51 135 53
132 55 135 57
132 66 135 68
132 69 135 71
132 72 135 74
132 86 135 88
132 89 135 91
132 99 135 101
132 102 135 104
132 125 135 127
132 128 135 130
132 131 135 133
132 138 135 140
132 152 135 154
132 159 135 161
132 207 135 209
132 210 135 212
132 216 135 218
132 231 135 233
132 234 135 236
132 238 135 240
132 241 135 243
133 24 136 26
133 58 136 60
133 141 136 143
133 146 136 148
133 162 136 164
133 171 136 173
133 174 136 176
133 189 136 191
133 192 136 194
133 195 136 197
133 219 136 221
133 225 136 227
133 228 136 230
133 244 136 246
133 247 136 249
134 0 137 2
134 3 137 5
134 12 137 14
134 27 137 29
134 30 137 32
134 42 137 44
134 45 137 47
134 75 137 77
134 78 137 80
134 92 137 94
134 95 137 97
134 114 137 116
134 117 137 119
134 120 137 122
134 149 137 151
134 165 137 167
134 177 137 179
134 180 137 182
134 184 137 186
134 199 137 201
134 202 137 204
134 213 137 215
135 9 138 11
135 61 138 63
135 81 138 83
135 105 138 107
135 134 138 136
135 155 138 157
135 168 138 170
135 222 138 224
136 6 139 8
136 16 139 18
136 19 139 21
136 33 139 35
136 36 139 38
136 39 139 41
136 48 139 50
136 51 139 53
136 54 139 56
136 64 139 66
136 67 139 69
136 70 139 72
136 84 139 86
136 87 139 89
136 98 139 100
136 101 139 103
136 110 139 112
136 123 139 125
136 128 139 130
136 131 139 133
136 137 139 139
136 152 139 154
136 158 139 160
136 205 139 207
136 209 139 211
136 216 139 218
136 231 139 233
136 234 139 236
136 237 139 239
136 240 139 242
137 22 140 24
137 57 140 59
137 140 140 142
137 143 140 145
137 146 140 148
137 161 140 163
137 171 140 173
137 174 140 176
137 187 140 189
137 190 140 192
137 193 140 195
137 196 140 198
137 219 140 221
137 225 140 227
137 243 140 245
137 246 140 248
138 0 141 2
138 3 141 5
138 12 141 14
138 25 141 27
138 28 141 30
138 42 141 44
138 45 141 47
138 73 141 75
138 77 141 79
138 91 141 93
138 94 141 96
138 113 141 115
138 116 141 118
138 119 141 121
138 149 141 151
138 164 141 166
138 177 141 179
138 180 141 182
138 199 141 201
138 202 141 204
138 212 141 214
138 228 141 230
139 9 142 11
139 60 142 62
139 80 142 82
139 104 142 106
139 107 142 109
139 134 142 136
139 155 142 157
139 222 142 224
140 6 143 8
140 15 143 17
140 18 143 20
140 31 143 33
140 34 143 36
140 37 143 39
140 48 143 50
140 51 143 53
140 54 143 56
140 63 143 65
140 66 143 68
140 69 143 71
140 83 143 85
140 86 143 88
140 97 143 99
140 100 143 102
140 110 143 112
140 122 143 124
140 125 143 127
140 128 143 130
140 137 143 139
140 152 143 154
140 158 143 160
140 167 143 169
140 183 143 185
140 205 143 207
140 208 143 210
140 215 143 217
140 231 143 233
140 234 143 236
140 237 143 239
140 240 143 242
141 22 144 24
141 131 144 133
141 140 144 142
141 143 144 145
141 146 144 148
141 161 144 163
141 170 144 172
141 173 144 175
141 187 144 189
141 190 144 192
141 193 144 195
141 196 144 198
141 218 144 220
141 225 144 227
141 244 144 246
141 247 144 249
142 0 145 2
142 3 145 5
142 12 145 14
142 26 145 28
142 40 145 42
142 43 145 45
142 72 145 74
142 75 145 77
142 89 145 91
142 93 145 95
142 113 145 115
142 116 145 118
142 119 145 121
142 149 145 151
142 164 145 166
142 178 145 180
142 199 145 201
142 212 145 214
142 228 145 230
143 9 146 11
143 58 146 60
143 78 146 80
143 103 146 105
143 107 146 109
143 134 146 136
143 202 146 204
143 222 146 224
144 6 147 8
144 15 147 17
144 18 147 20
144 29 147 31
144 33 147 35
144 36 147 38
144 46 147 48
144 49 147 51
144 52 147 54
144 55 147 57
144 62 147 64
144 65 147 67
144 68 147 70
144 81 147 83
144 84 147 86
144 96 147 98
144 99 147 101
144 110 147 112
144 122 147 124
144 126 147 128
144 137 147 139
144 152 147 154
144 157 147 159
144 167 147 169
144 181 147 183
144 184 147 186
144 208 147 210
144 215 147 217
144 232 147 234
144 235 147 237
144 238 147 240
144 241 147 243
145 21 148 23
145 129 148 131
145 140 148 142
145 143 148 145
145 146 148 148
145 160 148 162
145 170 148 172
145 173 148 175
145 187 148 189
145 190 148 192
145 193 148 195
145 218 148 220
145 225 148 227
145 245 148 247
146 0 149 2
146 3 149 5
146 12 149 14
146 24 149 26
146 39 149 41
146 42 149 44
146 71 149 73
146 74 149 76
146 88 149 90
146 91 149 93
146 116 149 118
146 119 149 121
146 149 149 151
146 163 149 165
146 176 149 178
146 196 149 198
146 199 149 201
146 228 149 230
147 9 150 11
147 59 150 61
147 77 150 79
147 102 150 104
147 105 150 107
147 113 150 115
147 132 150 134
147 202 150 204
147 211 150 213
148 6 151 8
148 15 151 17
148 29 151 31
148 32 151 34
148 35 151 37
148 45 151 47
148 48 151 50
148 51 151 53
148 54 151 56
148 62 151 64
148 66 151 68
148 80 151 82
148 83 151 85
148 94 151 96
148 97 151 99
148 108 151 110
148 122 151 124
148 126 151 128
148 135 151 137
148 152 151 154
148 155 151 157
148 166 151 168
148 179 151 181
148 182 151 184
148 207 151 209
148 214 151 216
148 221 151 223
148 231 151 233
148 234 151 236
148 237 151 239
148 240 151 242
149 20 152 22
149 129 152 131
149 139 152 141
149 142 152 144
149 145 152 147
149 158 152 160
149 169 152 171
149 172 152 174
149 185 152 187
149 188 152 190
149 191 152 193
149 217 152 219
149 224 152 226
149 244 152 246
150 0 153 2
150 3 153 5
150 12 153 14
150 23 153 25
150 26 153 28
150 38 153 40
150 41 153 43
150 69 153 71
150 72 153 74
150 86 153 88
150 89 153 91
150 116 153 118
150 119 153 121
150 148 153 150
150 161 153 163
150 175 153 177
150 194 153 196
150 198 153 200
150 227 153 229
150 247 153 249
151 9 154 11
151 57 154 59
151 75 154 77
151 100 154 102
151 103 154 105
151 111 154 113
151 132 154 134
151 201 154 203
151 204 154 206
151 210 154 212
152 6 155 8
152 15 155 17
152 29 155 31
152 32 155 34
152 35 155 37
152 47 155 49
152 50 155 52
152 54 155 56
152 61 155 63
152 64 155 66
152 78 155 80
152 81 155 83
152 92 155 94
152 95 155 97
152 106 155 108
152 122 155 124
152 125 155 127
152 135 155 137
152 151 155 153
152 155 155 157
152 164 155 166
152 178 155 180
152 181 155 183
152 207 155 209
152 220 155 222
152 230 155 232
152 233 155 235
152 236 155 238
152 239 155 241
153 18 156 20
153 44 156 46
153 128 156 130
153 138 156 140
153 141 156 143
153 144 156 146
153 158 156 160
153 167 156 169
153 170 156 172
153 184 156 186
153 187 156 189
153 191 156 193
153 213 156 215
153 216 156 218
153 223 156 225
153 242 156 244
154 0 157 2
154 3 157 5
154 12 157 14
154 21 157 23
154 24 157 26
154 38 157 40
154 41 157 43
154 67 157 69
154 70 157 72
154 85 157 87
154 88 157 90
154 115 157 117
154 118 157 120
154 147 157 149
154 161 157 163
154 173 157 175
154 194 157 196
154 197 157 199
154 226 157 228
154 245 157 247
155 57 158 59
155 73 158 75
155 98 158 100
155 101 158 103
155 109 158 111
155 112 158 114
155 131 158 133
155 200 158 202
155 204 158 206
155 210 158 212
156 6 159 8
156 27 159 29
156 30 159 32
156 33 159 35
156 47 159 49
156 50 159 52
156 53 159 55
156 60 159 62
156 64 159 66
156 76 159 78
156 79 159 81
156 82 159 84
156 92 159 94
156 95 159 97
156 104 159 106
156 121 159 123
156 125 159 127
156 134 159 136
156 150 159 152
156 153 159 155
156 164 159 166
156 176 159 178
156 179 159 181
156 207 159 209
156 219 159 221
156 229 159 231
156 233 159 235
156 238 159 240
157 15 160 17
157 18 160 20
157 44 160 46
157 128 160 130
157 137 160 139
157 140 160 142
157 143 160 145
157 156 160 158
157 167 160 169
157 170 160 172
157 182 160 184
157 187 160 189
157 190 160 192
157 213 160 215
157 216 160 218
157 223 160 225
157 241 160 243
158 2 161 4
158 9 161 11
158 21 161 23
158 24 161 26
158 36 161 38
158 39 161 41
158 67 161 69
158 70 161 72
158 85 161 87
158 88 161 90
158 115 161 117
158 118 161 120
158 146 161 148
158 159 161 161
158 173 161 175
158 193 161 195
158 196 161 198
158 226 161 228
158 244 161 246
158 247 161 249
159 12 162 14
159 56 162 58
159 73 162 75
159 98 162 100
159 107 162 109
159 110 162 112
159 131 162 133
159 201 162 203
159 204 162 206
159 210 162 212
160 5 163 7
160 27 163 29
160 30 163 32
160 33 163 35
160 47 163 49
160 51 163 53
160 64 163 66
160 76 163 78
160 79 163 81
160 82 163 84
160 91 163 93
160 94 163 96
160 101 163 103
160 121 163 123
160 125 163 127
160 134 163 136
160 149 163 151
160 152 163 154
160 162 163 164
160 176 163 178
160 179 163 181
160 207 163 209
160 219 163 221
160 230 163 232
160 233 163 235
160 237 163 239
161 15 164 17
161 43 164 45
161 128 164 130
161 137 164 139
161 140 164 142
161 143 164 145
161 165 164 167
161 168 164 170
161 182 164 184
161 185 164 187
161 188 164 190
161 213 164 215
161 216 164 218
161 222 164 224
161 240 164 242
162 0 165 2
162 8 165 10
162 19 165 21
162 22 165 24
162 36 165 38
162 39 165 41
162 59 165 61
162 67 165 69
162 70 165 72
162 85 165 87
162 88 165 90
162 104 165 106
162 113 165 115
162 116 165 118
162 146 165 148
162 155 165 157
162 158 165 160
162 171 165 173
162 191 165 193
162 194 165 196
162 197 165 199
162 225 165 227
162 243 165 245
162 246 165 248
163 12 166 14
163 54 166 56
163 73 166 75
163 97 166 99
163 107 166 109
163 110 166 112
163 131 166 133
163 202 166 204
163 210 166 212
164 3 167 5
164 25 167 27
164 28 167 30
164 31 167 33
164 48 167 50
164 51 167 53
164 62 167 64
164 76 167 78
164 79 167 81
164 82 167 84
164 93 167 95
164 100 167 102
164 119 167 121
164 122 167 124
164 125 167 127
164 150 167 152
164 161 167 163
164 174 167 176
164 179 167 181
164 205 167 207
164 219 167 221
164 229 167 231
164 233 167 235
164 236 167 238
165 15 168 17
165 42 168 44
165 45 168 47
165 128 168 130
165 138 168 140
165 141 168 143
165 164 168 166
165 167 168 169
165 182 168 184
165 185 168 187
165 188 168 190
165 213 168 215
165 222 168 224
165 239 168 241
166 0 169 2
166 6 169 8
166 9 169 11
166 18 169 20
166 21 169 23
166 34 169 36
166 37 169 39
166 57 169 59
166 65 169 67
166 68 169 70
166 85 169 87
166 88 169 90
166 103 169 105
166 113 169 115
166 116 169 118
166 145 169 147
166 153 169 155
166 156 169 158
166 170 169 172
166 191 169 193
166 197 169 199
166 225 169 227
166 242 169 244
166 245 169 247
167 72 170 74
167 96 170 98
167 106 170 108
167 109 170 111
167 135 170 137
167 194 170 196
167 200 170 202
167 208 170 210
167 216 170 218
168 3 171 5
168 25 171 27
168 28 171 30
168 31 171 33
168 48 171 50
168 51 171 53
168 54 171 56
168 60 171 62
168 75 171 77
168 79 171 81
168 82 171 84
168 91 171 93
168 100 171 102
168 119 171 121
168 122 171 124
168 125 171 127
168 131 171 133
168 148 171 150
168 159 171 161
168 173 171 175
168 176 171 178
168 179 171 181
168 203 171 205
168 219 171 221
168 228 171 230
168 231 171 233
168 234 171 236
169 14 172 16
169 40 172 42
169 43 172 45
169 128 172 130
169 141 172 143
169 162 172 164
169 165 172 167
169 182 172 184
169 185 172 187
169 188 172 190
169 211 172 213
169 222 172 224
169 237 172 239
170 0 173 2
170 6 173 8
170 9 173 11
170 17 173 19
170 20 173 22
170 34 173 36
170 37 173 39
170 57 173 59
170 63 173 65
170 66 173 68
170 69 173 71
170 85 173 87
170 88 173 90
170 112 173 114
170 115 173 117
170 144 173 146
170 151 173 153
170 154 173 156
170 168 173 170
170 191 173 193
170 197 173 199
170 225 173 227
170 240 173 242
170 243 173 245
171 72 174 74
171 94 174 96
171 97 174 99
171 106 174 108
171 109 174 111
171 134 174 136
171 137 174 139
171 194 174 196
171 206 174 208
171 214 174 216
171 247 174 249
172 3 175 5
172 23 175 25
172 26 175 28
172 29 175 31
172 46 175 48
172 49 175 51
172 52 175 54
172 60 175 62
172 75 175 77
172 80 175 82
172 91 175 93
172 100 175 102
172 103 175 105
172 118 175 120
172 121 175 123
172 124 175 126
172 131 175 133
172 147 175 149
172 157 175 159
172 171 175 173
172 174 175 176
172 178 175 180
172 200 175 202
172 203 175 205
172 217 175 219
172 228 175 230
172 232 175 234
173 12 176 14
173 41 176 43
173 127 176 129
173 140 176 142
173 160 176 162
173 163 176 165
173 181 176 183
173 184 176 186
173 187 176 189
173 220 176 222
173 235 176 237
174 6 177 8
174 9 177 11
174 15 177 17
174 18 177 20
174 33 177 35
174 36 177 38
174 55 177 57
174 63 177 65
174 66 177 68
174 69 177 71
174 83 177 85
174 86 177 88
174 112 177 114
174 115 177 117
174 144 177 146
174 150 177 152
174 153 177 155
174 166 177 168
174 190 177 192
174 197 177 199
174 209 177 211
174 223 177 225
174 238 177 240
174 241 177 243
174 244 177 246
175 72 178 74
175 95 178 97
175 107 178 109
175 134 178 136
175 137 178 139
175 193 178 195
175 206 178 208
175 212 178 214
175 247 178 249
176 0 179 2
176 3 179 5
176 21 179 23
176 24 179 26
176 27 179 29
176 30 179 32
176 44 179 46
176 49 179 51
176 52 179 54
176 58 179 60
176 75 179 77
176 78 179 80
176 89 179 91
176 92 179 94
176 98 179 100
176 101 179 103
176 118 179 120
176 121 179 123
176 124 179 126
176 130 179 132
176 147 179 149
176 156 179 158
176 169 179 171
176 173 179 175
176 176 179 178
176 200 179 202
176 203 179 205
176 215 179 217
176 226 179 228
176 229 179 231
176 232 179 234
177 12 180 14
177 39 180 41
177 104 180 106
177 127 180 129
177 141 180 143
177 159 180 161
177 162 180 164
177 179 180 181
177 182 180 184
177 185 180 187
177 218 180 220
177 235 180 237
178 6 181 8
178 9 181 11
178 16 181 18
178 33 181 35
178 36 181 38
178 55 181 57
178 61 181 63
178 64 181 66
178 67 181 69
178 81 181 83
178 84 181 86
178 112 181 114
178 115 181 117
178 144 181 146
178 150 181 152
178 165 181 167
178 188 181 190
178 209 181 211
178 221 181 223
178 238 181 240
178 242 181 244
179 70 182 72
179 95 182 97
179 107 182 109
179 134 182 136
179 137 182 139
179 191 182 193
179 194 182 196
179 197 182 199
179 206 182 208
179 212 182 214
179 245 182 247
180 0 183 2
180 3 183 5
180 19 183 21
180 22 183 24
180 25 183 27
180 28 183 30
180 45 183 47
180 48 183 50
180 51 183 53
180 58 183 60
180 73 183 75
180 76 183 78
180 87 183 89
180 90 183 92
180 98 183 100
180 118 183 120
180 121 183 123
180 124 183 126
180 130 183 132
180 147 183 149
180 153 183 155
180 168 183 170
180 171 183 173
180 175 183 177
180 200 183 202
180 203 183 205
180 224 183 226
180 227 183 229
180 231 183 233
181 12 184 14
181 39 184 41
181 101 184 103
181 104 184 106
181 140 184 142
181 156 184 158
181 159 184 161
181 162 184 164
181 178 184 180
181 181 184 183
181 184 184 186
181 215 184 217
181 218 184 220
181 234 184 236
182 6 185 8
182 9 185 11
182 16 185 18
182 31 185 33
182 34 185 36
182 42 185 44
182 54 185 56
182 61 185 63
182 66 185 68
182 79 185 81
182 83 185 85
182 110 185 112
182 113 185 115
182 127 185 129
182 143 185 145
182 150 185 152
182 187 185 189
182 209 185 211
182 221 185 223
182 237 185 239
182 240 185 242
183 69 186 71
183 93 186 95
183 107 186 109
183 134 186 136
183 137 186 139
183 190 186 192
183 193 186 195
183 196 186 198
183 212 186 214
183 243 186 245
183 246 186 248
184 1 187 3
184 19 187 21
184 22 187 24
184 26 187 28
184 45 187 47
184 48 187 50
184 51 187 53
184 57 187 59
184 74 187 76
184 89 187 91
184 96 187 98
184 116 187 118
184 119 187 121
184 122 187 124
184 130 187 132
184 146 187 148
184 153 187 155
184 165 187 167
184 169 187 171
184 172 187 174
184 175 187 177
184 199 187 201
184 202 187 204
184 226 187 228
184 229 187 231
185 12 188 14
185 37 188 39
185 99 188 101
185 102 188 104
185 140 188 142
185 159 188 161
185 162 188 164
185 178 188 180
185 181 188 183
185 184 188 186
185 205 188 207
185 215 188 217
185 218 188 220
185 232 188 234
186 4 189 6
186 9 189 11
186 16 189 18
186 29 189 31
186 32 189 34
186 40 189 42
186 54 189 56
186 60 189 62
186 63 189 65
186 66 189 68
186 77 189 79
186 80 189 82
186 83 189 85
186 110 189 112
186 113 189 115
186 125 189 127
186 143 189 145
186 149 189 151
186 156 189 158
186 187 189 189
186 208 189 210
186 221 189 223
186 235 189 237
186 238 189 240
187 69 190 71
187 92 190 94
187 105 190 107
187 133 190 135
187 136 190 138
187 190 190 192
187 193 190 195
187 196 190 198
187 212 190 214
187 241 190 243
187 245 190 247
188 0 191 2
188 19 191 21
188 22 191 24
188 25 191 27
188 43 191 45
188 46 191 48
188 49 191 51
188 57 191 59
188 72 191 74
188 88 191 90
188 95 191 97
188 116 191 118
188 119 191 121
188 122 191 124
188 130 191 132
188 146 191 148
188 152 191 154
188 166 191 168
188 169 191 171
188 173 191 175
188 199 191 201
188 202 191 204
188 225 191 227
188 228 191 230
189 12 192 14
189 98 192 100
189 101 192 103
189 139 192 141
189 159 192 161
189 162 192 164
189 176 192 178
189 179 192 181
189 182 192 184
189 215 192 217
189 218 192 220
189 231 192 233
190 3 193 5
190 6 193 8
190 9 193 11
190 15 193 17
190 28 193 30
190 31 193 33
190 34 193 36
190 38 193 40
190 52 193 54
190 60 193 62
190 63 193 65
190 66 193 68
190 75 193 77
190 78 193 80
190 81 193 83
190 84 193 86
190 111 193 113
190 125 193 127
190 142 193 144
190 149 193 151
190 155 193 157
190 185 193 187
190 205 193 207
190 208 193 210
190 221 193 223
190 234 193 236
190 238 193 240
191 69 194 71
191 91 194 93
191 104 194 106
191 107 194 109
191 133 194 135
191 136 194 138
191 188 194 190
191 191 194 193
191 194 194 196
191 211 194 213
191 241 194 243
191 244 194 246
191 247 194 249
192 0 195 2
192 18 195 20
192 21 195 23
192 24 195 26
192 41 195 43
192 44 195 46
192 47 195 49
192 55 195 57
192 72 195 74
192 87 195 89
192 94 195 96
192 114 195 116
192 117 195 119
192 120 195 122
192 128 195 130
192 145 195 147
192 152 195 154
192 165 195 167
192 168 195 170
192 171 195 173
192 197 195 199
192 201 195 203
192 224 195 226
192 227 195 229
193 12 196 14
193 100 196 102
193 139 196 141
193 158 196 160
193 174 196 176
193 177 196 179
193 180 196 182
193 214 196 216
193 217 196 219
193 230 196 232
194 3 197 5
194 6 197 8
194 9 197 11
194 27 197 29
194 30 197 32
194 36 197 38
194 50 197 52
194 59 197 61
194 62 197 64
194 65 197 67
194 75 197 77
194 78 197 80
194 81 197 83
194 110 197 112
194 142 197 144
194 148 197 150
194 155 197 157
194 183 197 185
194 208 197 210
194 220 197 222
194 233 197 235
194 236 197 238
195 33 198 35
195 68 198 70
195 90 198 92
195 103 198 105
195 106 198 108
195 131 198 133
195 134 198 136
195 161 198 163
195 186 198 188
195 189 198 191
195 192 198 194
195 205 198 207
195 211 198 213
195 239 198 241
195 242 198 244
195 245 198 247
196 0 199 2
196 20 199 22
196 23 199 25
196 39 199 41
196 42 199 44
196 45 199 47
196 53 199 55
196 56 199 58
196 71 199 73
196 84 199 86
196 93 199 95
196 113 199 115
196 117 199 119
196 120 199 122
196 123 199 125
196 126 199 128
196 151 199 153
196 164 199 166
196 167 199 169
196 170 199 172
196 196 199 198
196 199 199 201
196 202 199 204
196 223 199 225
196 226 199 228
40 117 42 120
197 12 199 15
197 98 199 101
197 137 199 140
197 173 199 176
197 177 199 180
197 214 199 217
197 229 199 232
4 248 9 249
10 248 15 249
84 248 89 249
108 248 113 249
167 12 172 13
175 110 180 111
186 128 191 129
198 3 199 8
198 59 199 64
198 74 199 79
198 141 199 146
198 154 199 159
198 233 199 238
178 15 189 15
179 249 190 249
199 26 199 37
114 249 124 249
199 102 199 112
109 126 113 127
145 248 149 249
166 248 170 249
177 42 181 43
195 248 199 249
198 181 199 185
198 218 199 222
10 70 19 70
56 111 64 111
107 116 115 116
199 205 199 213
16 248 19 249
71 198 74 199
118 206 121 207
154 248 157 249
196 48 199 49
12 0 19 0
76 170 83 170
80 125 87 125
105 171 112 171
156 124 163 124
184 224 191 224
