4097
0 0 3 2
4 0 7 2
8 0 11 2
0 3 2 6
12 0 14 3
3 3 6 5
15 0 18 2
7 3 10 5
19 0 22 2
11 3 11 14
23 0 28 1
3 6 6 8
0 7 1 12
15 3 18 5
12 4 13 9
29 0 32 2
7 6 10 8
19 3 22 5
23 2 26 4
2 8 2 19
14 5 14 16
33 0 36 2
27 2 28 7
3 9 6 11
37 0 40 2
15 6 18 8
29 3 32 5
7 9 10 11
41 0 44 2
19 6 22 8
23 5 24 10
25 5 26 10
33 3 44 3
45 0 48 2
3 12 6 14
33 4 33 15
0 13 0 24
15 9 18 11
34 4 37 6
49 0 52 2
12 10 13 15
1 13 1 24
29 6 31 9
7 12 10 14
19 9 22 11
38 4 41 6
53 0 56 2
45 3 48 5
27 8 28 13
42 4 44 7
57 0 60 2
32 7 32 18
3 15 6 17
15 12 18 14
34 7 37 9
49 3 52 5
61 0 62 5
7 15 10 17
63 0 66 2
19 12 22 14
23 11 26 13
38 7 41 9
53 3 56 5
29 10 31 13
11 15 11 26
67 0 70 2
45 6 48 8
57 3 60 5
3 18 6 20
15 15 18 17
71 0 74 2
34 10 37 12
49 6 52 8
12 16 13 21
42 8 44 11
7 18 10 20
63 3 66 5
19 15 22 17
23 14 25 17
75 0 78 2
38 10 41 12
53 6 56 8
2 20 2 31
14 17 14 28
26 14 29 16
67 3 70 5
45 9 48 11
79 0 82 2
57 6 60 8
3 21 6 23
15 18 17 21
30 14 31 19
71 3 74 5
34 13 39 14
49 9 54 10
83 0 86 2
61 6 64 8
18 18 21 20
7 21 10 23
75 3 78 5
42 12 45 14
87 0 89 3
65 6 68 8
40 13 41 18
55 9 58 11
22 18 25 20
26 17 26 28
34 15 37 17
49 11 52 13
90 0 93 2
27 17 27 28
79 3 82 5
46 12 48 15
28 17 28 28
69 6 72 8
3 24 6 26
29 17 29 28
33 16 33 27
59 9 62 11
0 25 1 30
12 22 13 27
38 15 39 20
53 11 54 16
94 0 96 3
83 3 86 5
73 6 76 8
18 21 21 23
7 24 10 26
63 9 66 11
15 22 17 25
97 0 102 1
42 15 45 17
77 6 80 8
55 12 58 14
22 21 25 23
67 9 70 11
34 18 37 20
49 14 52 16
90 3 93 5
87 4 89 7
32 19 32 30
103 0 106 2
3 27 6 29
81 6 84 8
59 12 62 14
30 20 31 25
71 9 74 11
97 2 100 4
46 16 48 19
107 0 110 2
18 24 21 26
7 27 10 29
85 6 86 11
63 12 65 15
75 9 78 11
101 2 102 7
42 18 45 20
94 4 96 7
40 19 41 24
66 12 69 14
55 15 57 18
111 0 114 2
22 24 25 26
11 27 11 38
15 26 17 29
34 21 39 22
49 17 52 19
90 6 93 8
79 9 82 11
58 15 60 18
103 3 108 4
3 30 6 32
70 12 73 14
115 0 118 2
0 31 1 36
97 5 100 7
12 28 13 33
53 17 54 22
83 9 84 14
61 15 62 20
87 8 89 11
18 27 21 29
7 30 10 32
74 12 77 14
119 0 122 2
34 23 37 25
42 21 45 23
109 3 112 5
46 20 49 22
2 32 2 43
103 5 105 8
14 29 14 40
66 15 69 17
22 27 23 32
63 16 64 21
78 12 79 17
123 0 126 2
38 23 38 34
90 9 93 11
94 8 97 10
113 3 116 5
24 27 25 32
50 20 52 23
39 23 39 34
80 12 82 15
106 5 108 8
3 33 6 35
55 19 58 21
70 15 73 17
15 30 18 32
30 26 30 37
127 0 130 2
98 8 101 10
117 3 120 5
7 33 10 35
59 19 60 24
85 12 88 14
74 15 77 17
19 30 21 33
34 26 37 28
131 0 134 2
42 24 45 26
109 6 112 8
46 23 49 25
102 8 102 19
65 18 68 20
121 3 123 6
40 25 40 36
89 12 100 12
26 29 29 31
41 25 41 36
135 0 138 2
124 3 127 5
113 6 116 8
69 18 72 20
103 9 106 11
3 36 6 38
55 22 55 33
89 13 100 13
0 37 1 42
15 33 18 35
12 34 13 39
53 23 54 28
57 22 58 27
83 15 86 17
94 11 101 11
61 21 62 26
139 0 142 2
50 24 52 27
128 3 131 5
117 6 120 8
80 16 82 19
73 18 76 20
107 9 110 11
7 36 10 38
33 29 36 31
89 14 100 14
42 27 45 29
31 30 31 41
46 26 49 28
87 15 92 16
65 21 67 24
143 0 145 3
132 3 134 6
77 18 79 21
111 9 114 11
22 33 25 35
37 29 37 40
63 22 63 33
26 32 29 34
19 34 21 37
101 12 101 23
68 21 70 24
146 0 149 2
135 3 138 5
124 6 127 8
121 7 121 18
32 31 32 42
103 12 106 14
3 39 6 41
122 7 122 18
115 9 118 11
15 36 16 41
93 15 95 18
71 21 74 23
123 7 123 18
83 18 86 20
150 0 153 2
87 17 87 28
139 3 142 5
128 6 131 8
17 36 18 41
88 17 89 22
107 12 110 14
96 15 99 17
7 39 10 41
33 32 36 34
59 25 60 30
119 9 120 14
75 21 76 26
90 17 92 20
42 30 45 32
46 29 49 31
50 28 52 31
154 0 157 2
80 20 82 23
111 12 114 14
22 36 25 38
100 15 100 26
11 39 11 50
26 35 28 38
64 25 67 27
146 3 149 5
135 6 138 8
124 9 127 11
143 4 144 9
132 7 134 10
158 0 159 5
77 22 79 25
103 15 106 17
3 42 6 44
29 35 29 46
115 12 117 15
145 4 145 15
56 28 58 31
160 0 163 2
19 38 21 41
71 24 74 26
12 40 13 45
1 43 1 54
53 29 54 34
68 25 70 28
83 21 86 23
150 3 153 5
61 27 62 32
139 6 142 8
128 9 131 11
118 12 118 23
107 15 110 17
96 18 99 20
7 42 10 44
33 35 36 37
0 44 0 55
93 19 95 22
164 0 167 2
42 33 45 35
46 32 49 34
154 3 157 5
2 44 2 55
14 41 14 52
111 15 114 17
22 39 22 50
23 39 25 42
38 35 38 46
64 28 67 30
90 21 92 24
168 0 171 2
146 6 149 8
135 9 138 11
124 12 127 14
50 32 52 35
80 24 83 26
103 18 106 20
3 45 5 48
26 39 28 42
15 42 18 44
30 38 30 49
160 3 163 5
71 27 74 29
172 0 175 2
150 6 153 8
139 9 142 11
128 12 129 17
39 36 39 47
132 11 134 14
6 45 8 48
84 24 86 27
77 26 79 29
107 18 110 20
96 21 99 23
33 38 36 40
59 31 60 36
89 23 89 34
115 16 117 19
119 15 120 20
56 32 58 35
19 42 21 45
164 3 167 5
75 27 76 32
42 36 45 38
68 29 70 32
46 35 49 37
176 0 179 2
9 45 10 50
102 20 102 31
154 6 157 8
40 37 40 48
111 18 114 20
130 13 131 18
41 37 41 48
93 23 95 26
64 31 65 36
168 3 171 5
146 9 149 11
135 12 138 14
124 15 127 17
180 0 183 2
143 10 144 15
80 27 83 29
158 6 161 8
103 21 106 23
66 31 67 36
55 34 55 45
15 45 18 47
71 30 72 35
23 43 26 45
12 46 12 57
90 25 92 28
53 35 54 40
172 3 175 5
150 9 153 11
61 33 62 38
139 12 142 14
50 36 52 39
13 46 13 57
184 0 186 3
162 6 165 8
73 30 74 35
88 26 88 37
3 49 4 54
107 21 110 23
96 24 99 26
33 41 36 43
27 43 28 48
42 39 45 41
5 49 5 60
187 0 189 3
46 38 49 40
176 3 179 5
154 9 157 11
132 15 135 17
6 49 7 54
84 28 86 31
166 6 169 8
77 30 80 32
111 21 114 23
37 41 37 52
63 34 63 45
115 20 117 23
56 36 58 39
19 46 21 49
8 49 8 60
190 0 193 2
101 24 101 35
68 33 70 36
146 12 149 14
124 18 127 20
180 3 183 5
158 9 161 11
121 19 123 22
32 43 32 54
136 15 138 18
103 24 105 27
170 6 173 8
81 30 83 33
15 48 18 50
93 27 96 29
23 46 26 48
194 0 197 2
150 12 153 14
87 29 87 40
139 15 142 17
128 18 129 23
106 24 109 26
162 9 165 11
174 6 177 8
33 44 34 49
59 37 60 42
119 21 120 26
97 27 100 29
75 33 78 35
90 29 92 32
42 42 45 44
198 0 199 5
46 41 49 43
9 51 11 54
35 44 36 49
50 40 52 43
154 12 157 14
132 18 135 20
184 4 187 6
110 24 113 26
166 9 169 11
178 6 181 8
190 3 193 5
64 37 67 39
79 33 80 38
131 19 131 30
146 15 149 17
143 16 145 19
158 12 160 15
84 32 86 35
188 4 189 9
125 21 127 24
114 24 117 26
170 9 173 11
29 47 29 58
182 6 183 11
15 51 18 53
93 30 96 32
56 40 58 43
19 50 21 53
71 36 74 38
23 49 26 51
194 3 197 5
1 55 1 66
53 41 54 46
68 37 69 42
161 12 164 14
150 15 153 17
61 39 62 44
139 18 142 20
106 27 109 29
121 23 122 28
136 19 138 22
103 28 105 31
118 24 118 35
3 55 4 60
81 34 83 37
70 37 70 48
174 9 177 11
0 56 0 67
97 30 100 32
123 23 123 34
75 36 78 38
27 49 28 54
42 45 43 50
46 44 49 46
124 23 124 34
165 12 168 14
154 15 157 17
2 56 2 67
132 21 135 23
184 7 186 10
6 55 7 60
110 27 113 29
14 53 14 64
44 45 45 50
22 51 22 62
178 9 181 11
130 22 130 33
190 6 193 8
38 47 38 58
64 40 65 45
90 33 93 35
146 18 149 20
31 49 31 60
187 7 187 18
9 55 11 58
50 44 52 47
169 12 174 13
114 27 117 29
66 40 67 45
15 54 18 56
30 50 30 61
71 39 74 41
23 52 26 54
194 6 197 8
94 33 97 35
161 15 164 17
150 18 153 20
139 21 141 24
128 24 129 29
39 48 39 59
143 20 145 23
106 30 109 32
158 16 160 19
84 36 86 39
125 25 127 28
33 50 36 52
59 43 59 54
89 35 89 46
56 44 58 47
19 54 20 59
175 12 178 14
60 43 60 54
75 39 78 41
142 21 142 32
120 27 120 38
198 6 199 11
46 47 49 49
98 33 100 36
165 15 168 17
102 32 105 34
154 18 157 20
169 14 172 16
132 24 135 26
110 30 113 32
136 23 138 26
21 54 21 65
40 49 41 54
81 38 83 41
119 28 119 39
190 9 193 11
179 12 182 14
90 36 93 38
79 39 80 44
146 21 149 23
184 11 186 14
173 14 174 19
188 10 189 15
114 30 117 32
55 46 55 57
15 57 18 59
71 42 74 44
23 55 26 57
12 58 13 63
194 9 197 11
53 47 54 52
183 12 183 23
68 43 69 48
94 36 97 38
161 18 163 21
150 21 153 23
9 59 11 62
61 45 62 50
50 48 52 51
106 33 109 35
121 29 121 40
88 38 88 49
3 61 6 63
122 29 122 40
33 53 36 55
175 15 178 17
164 18 167 20
75 42 78 44
27 55 27 66
42 51 45 53
46 50 49 52
139 25 141 28
102 35 105 37
154 21 157 23
143 24 146 26
169 17 172 19
28 55 28 66
132 27 135 29
158 20 160 23
84 40 86 43
110 33 113 35
125 29 127 32
7 61 8 66
37 53 37 64
63 46 66 48
56 48 56 59
190 12 193 14
101 36 101 47
179 15 180 20
90 39 93 41
168 18 168 29
57 48 58 53
98 37 100 40
147 24 150 26
32 55 32 66
136 27 138 30
114 33 117 35
181 15 182 20
81 42 82 47
15 60 18 62
67 46 67 57
71 45 74 47
23 58 26 60
194 12 197 14
94 39 96 42
83 42 83 53
87 41 87 52
128 30 129 35
106 36 109 38
184 15 185 20
151 24 154 26
3 64 6 66
33 56 36 58
186 15 186 26
19 60 20 65
97 39 97 50
175 18 178 20
164 21 166 24
75 45 78 47
42 54 45 56
198 12 199 17
161 22 163 25
46 53 49 55
9 63 11 66
50 52 51 57
102 38 105 40
143 27 146 29
169 20 172 22
132 30 135 32
110 36 115 37
155 24 158 26
40 55 41 60
63 49 66 51
167 21 167 32
52 52 52 63
190 15 193 17
90 42 90 53
79 45 80 50
131 31 131 42
139 29 141 32
91 42 92 47
147 27 150 29
173 20 173 31
84 44 86 47
188 16 189 21
125 33 127 36
29 59 29 70
159 24 160 29
15 63 16 68
93 42 93 53
71 48 74 50
23 61 26 63
12 64 13 69
116 36 117 41
194 15 195 20
53 53 53 64
68 49 70 52
98 41 99 46
61 51 62 56
106 39 109 41
17 63 18 68
110 38 113 40
136 31 136 42
151 27 154 29
196 15 196 26
3 67 6 69
174 21 177 23
33 59 36 61
137 31 137 42
100 41 100 52
0 68 2 71
197 15 197 26
123 35 124 40
138 31 138 42
75 48 77 51
42 57 45 59
94 43 96 46
102 41 105 43
143 30 146 32
169 23 172 25
132 33 135 35
47 56 49 59
114 38 115 43
155 27 158 29
14 65 14 76
7 67 10 69
22 63 22 74
178 21 180 24
63 52 65 55
78 48 78 59
130 34 130 45
164 25 166 28
190 18 193 20
38 59 38 70
31 61 31 72
57 54 58 59
161 26 163 29
187 19 187 30
46 57 46 68
147 30 150 32
181 21 181 32
66 52 66 63
81 48 82 53
11 67 11 78
182 21 182 32
30 62 30 73
71 51 74 53
23 64 26 66
139 33 142 35
128 36 129 41
39 60 39 71
106 42 109 44
184 21 185 26
84 48 86 51
110 41 113 43
125 37 127 40
151 30 154 32
3 70 6 72
174 24 177 26
33 62 36 64
59 55 60 60
89 47 89 58
19 66 21 69
42 60 45 62
68 53 70 56
120 39 120 50
50 58 51 63
102 44 105 46
143 33 146 35
169 26 172 28
132 36 135 38
199 18 199 29
155 30 157 33
40 61 41 66
118 40 119 45
7 70 9 73
0 72 2 75
190 21 193 23
75 52 77 55
79 51 80 56
94 47 96 50
91 48 92 53
158 30 161 32
147 33 150 35
188 22 189 27
47 60 49 63
10 70 10 81
55 58 55 69
178 25 180 28
63 56 65 59
15 69 18 71
71 54 74 56
164 29 166 32
23 67 25 70
12 70 13 75
116 42 117 47
194 21 195 26
183 24 183 35
98 47 99 52
61 57 62 62
139 36 142 38
106 45 108 48
121 41 123 44
110 44 113 46
162 30 163 35
151 33 154 35
3 73 6 75
174 27 177 29
33 65 36 67
26 67 28 70
42 63 45 65
109 45 109 56
124 41 127 43
102 47 105 49
143 36 146 38
169 29 172 31
132 39 135 41
84 52 86 55
88 51 88 62
115 44 115 55
56 60 58 63
19 70 19 81
190 24 192 27
101 48 101 59
168 30 168 41
68 57 71 59
158 33 161 35
147 36 150 38
32 67 32 78
21 70 21 81
114 45 114 56
155 34 157 37
81 54 83 57
7 74 9 77
37 66 37 77
193 24 193 35
0 76 3 78
15 72 18 74
67 58 67 69
94 51 97 53
198 23 198 34
20 71 20 82
72 57 75 59
87 53 87 64
139 39 142 41
76 56 77 61
128 42 128 53
54 62 54 73
184 27 186 30
110 47 113 49
47 64 50 66
151 36 154 38
129 42 129 53
174 30 177 32
33 68 34 73
59 61 60 66
178 29 180 32
63 60 65 63
4 76 6 79
164 33 167 35
23 71 24 76
42 66 45 68
124 44 127 46
102 50 105 52
143 39 146 41
169 32 171 35
106 49 108 52
132 42 135 44
121 45 123 48
36 68 36 79
25 71 28 73
51 64 52 69
40 67 41 72
118 46 119 51
90 54 93 56
79 57 80 62
131 43 131 54
68 60 71 62
172 32 173 37
35 69 35 80
158 36 161 38
147 39 150 41
84 56 86 59
188 28 191 30
29 71 29 82
0 79 3 81
15 75 18 77
56 64 56 75
12 76 13 81
116 48 117 53
194 27 197 29
53 65 53 76
94 54 97 56
57 64 57 75
72 60 75 62
98 53 100 56
61 63 62 68
139 42 142 44
58 64 58 75
110 50 111 55
136 43 138 46
162 36 165 38
47 67 50 69
151 39 154 41
192 28 192 39
155 38 156 43
81 58 83 61
174 33 177 35
7 78 9 81
112 50 112 61
157 38 157 49
42 69 45 71
124 47 127 49
113 50 113 61
102 53 104 56
143 42 146 44
132 45 135 47
184 31 187 33
166 36 167 41
25 74 28 76
14 77 14 88
178 33 181 35
63 64 66 66
78 60 78 71
130 46 130 57
38 71 38 82
90 57 93 59
105 53 108 55
68 63 71 65
5 80 5 91
31 73 31 84
46 69 46 80
169 36 171 39
158 39 161 41
121 49 123 52
147 42 150 44
6 80 6 91
188 31 191 33
11 79 11 90
0 82 3 84
182 33 182 44
15 78 17 81
30 74 30 85
194 30 197 32
94 57 97 59
72 63 75 65
139 45 142 47
76 62 77 67
84 60 86 63
162 39 165 41
47 70 52 71
151 42 154 44
18 78 18 89
174 36 177 38
33 74 34 79
59 67 60 72
22 77 25 79
42 72 45 74
120 51 120 62
98 57 100 60
124 50 127 52
143 45 148 46
132 48 135 50
184 34 187 36
199 30 199 41
40 73 41 78
118 52 119 57
81 62 83 65
7 82 10 84
137 47 138 52
178 36 181 38
63 67 66 69
89 60 92 62
26 77 28 80
79 63 80 68
105 56 108 58
68 66 71 68
172 38 173 43
102 57 104 60
158 42 161 44
188 34 189 39
47 72 50 74
55 70 55 81
0 85 3 87
93 60 96 62
4 84 4 95
149 45 152 47
12 82 13 87
116 54 117 59
194 33 196 36
183 36 183 47
72 66 75 68
61 69 62 74
139 48 142 50
191 34 191 45
39 75 39 86
143 47 146 49
169 40 171 43
121 53 124 55
110 56 111 61
136 49 136 60
162 42 162 53
51 72 52 77
155 44 156 49
174 39 177 41
163 42 166 44
22 80 25 82
15 82 17 85
197 33 197 44
97 60 97 71
153 45 154 50
42 75 45 77
109 57 109 68
132 51 135 53
184 37 187 39
147 47 148 52
84 64 86 67
125 53 127 56
88 63 90 66
7 85 10 87
178 39 181 41
63 70 66 72
115 56 115 67
167 42 168 47
19 82 19 93
190 36 190 47
101 60 101 71
105 59 108 61
68 69 71 71
98 61 100 64
91 63 94 65
158 45 161 47
32 79 32 90
21 82 21 93
47 75 50 77
114 57 114 68
81 66 83 69
37 78 37 89
193 36 193 47
0 88 0 99
26 81 27 86
67 70 67 81
149 48 152 50
1 88 3 91
20 83 20 94
72 69 74 72
87 65 87 76
139 51 142 53
76 68 77 73
102 61 104 64
128 54 129 59
143 50 146 52
54 74 54 85
95 63 96 68
121 56 124 58
174 42 177 44
33 80 34 85
59 73 60 78
163 45 166 47
22 83 23 88
75 69 75 80
194 37 196 40
42 78 45 80
24 83 25 88
169 44 172 46
132 54 134 57
184 40 187 42
40 79 41 84
118 58 119 63
7 88 10 90
137 53 138 58
178 42 181 44
63 73 66 75
15 86 16 91
105 62 108 64
131 55 131 66
68 72 71 74
135 54 135 65
35 81 36 86
91 66 93 69
28 83 29 88
80 69 80 80
158 48 161 50
17 86 17 97
173 44 173 55
84 68 86 71
188 40 189 45
47 78 50 80
125 57 127 60
88 67 88 78
89 67 90 72
56 76 58 79
149 51 152 53
12 88 13 93
116 60 117 65
53 77 53 88
94 66 94 77
98 65 100 68
61 75 62 80
139 54 142 56
143 53 146 55
121 59 124 61
110 62 113 64
192 40 192 51
51 78 52 83
155 50 157 53
81 70 83 73
174 45 177 47
163 48 166 50
153 51 153 62
1 92 3 95
42 81 47 82
198 39 198 50
72 73 74 76
102 65 105 67
154 51 154 62
169 47 172 49
184 43 187 45
147 53 148 58
14 89 14 100
7 91 10 93
178 45 181 47
63 76 66 78
167 48 167 59
78 72 78 83
130 58 130 69
38 83 38 94
194 41 194 52
68 75 71 77
5 92 6 97
31 85 31 96
195 41 195 52
106 65 107 70
132 58 134 61
158 51 161 53
196 41 196 52
48 81 50 84
11 91 11 102
26 87 26 98
30 86 30 97
108 65 108 76
149 54 152 56
27 87 27 98
42 83 44 86
139 57 142 59
76 74 77 79
128 60 129 65
91 70 93 73
143 56 146 58
95 69 96 74
121 62 123 65
84 72 86 75
110 65 113 67
125 61 127 64
18 90 18 101
174 48 177 50
33 86 33 97
59 79 60 84
163 51 164 56
22 89 25 91
56 80 57 85
45 83 47 86
168 50 171 52
79 74 79 85
120 63 120 74
98 69 100 72
124 62 124 73
165 51 166 56
102 68 105 70
184 46 187 48
199 42 199 53
58 80 58 91
155 54 158 56
40 85 41 90
118 64 119 69
81 74 83 77
7 94 10 96
137 59 138 64
178 48 179 53
63 79 66 81
15 92 16 97
34 87 36 90
1 96 4 98
68 78 71 80
172 50 172 61
72 77 74 80
180 48 183 50
28 89 29 94
188 46 189 51
159 54 162 56
89 73 90 78
149 57 152 59
12 94 13 99
116 66 117 71
61 81 62 86
139 60 142 62
191 46 191 57
39 87 39 98
143 59 146 61
132 62 134 65
110 68 113 70
136 61 136 72
51 84 51 95
174 51 177 53
22 92 25 94
48 85 50 88
52 84 52 95
197 45 197 56
97 72 97 83
168 53 171 55
42 87 45 89
109 69 109 80
102 71 105 73
91 74 93 77
184 49 187 51
121 66 122 71
147 59 148 64
84 76 86 79
125 65 127 68
155 57 158 59
55 84 55 95
7 97 10 99
63 82 66 84
19 94 19 105
123 66 123 77
190 48 190 59
101 72 101 83
1 99 4 101
68 81 71 83
5 98 6 103
46 87 47 92
98 73 100 76
180 51 183 53
106 71 106 82
32 91 32 102
21 94 21 105
114 69 115 74
81 78 83 81
107 71 107 82
159 57 162 59
37 90 37 101
193 48 193 59
0 100 0 111
67 82 67 93
149 60 152 62
34 91 36 94
20 95 20 106
72 81 75 83
87 77 87 88
139 63 142 65
128 66 129 71
143 62 146 64
54 86 54 97
95 75 96 80
110 71 113 73
77 80 77 91
174 54 177 56
59 85 60 90
163 57 166 59
22 95 24 98
56 86 57 91
168 56 171 58
42 90 45 92
102 74 104 77
132 66 135 68
184 52 187 54
25 95 25 106
155 60 158 62
40 91 41 96
118 70 119 75
7 100 8 105
137 65 137 76
48 89 50 92
178 54 180 57
63 85 66 87
15 98 16 103
138 65 138 76
1 102 4 104
105 74 105 85
131 67 131 78
68 84 71 86
9 100 9 111
91 78 94 80
28 95 29 100
80 81 80 92
17 98 17 109
173 56 173 67
188 52 189 57
10 100 10 111
88 79 90 82
181 54 183 57
159 60 162 62
85 80 86 85
126 69 127 74
149 63 152 65
12 100 13 105
116 72 117 77
53 89 53 100
72 84 75 86
98 77 100 80
61 87 62 92
139 66 144 67
110 74 113 76
192 52 192 63
81 82 84 84
174 57 177 59
163 60 166 62
145 65 148 67
153 63 156 65
168 59 171 61
42 93 45 95
198 51 198 62
35 95 36 100
132 69 135 71
184 55 187 57
121 72 122 77
14 101 14 112
22 99 24 102
63 88 66 90
167 60 167 71
78 84 78 95
130 70 130 81
38 95 38 106
194 53 196 56
1 105 4 107
157 63 160 65
68 87 71 89
5 104 6 109
31 97 31 108
46 93 49 95
139 68 142 70
102 78 104 81
91 81 94 83
125 72 125 83
114 75 114 86
178 58 181 60
26 99 27 104
30 98 30 109
108 77 108 88
149 66 152 68
161 63 164 65
72 87 75 89
50 93 50 104
76 86 76 97
128 72 129 77
143 68 146 70
95 81 96 86
110 77 112 80
88 83 90 86
81 85 84 87
18 102 18 113
174 60 177 62
33 98 34 103
59 91 60 96
115 76 115 87
182 58 185 60
56 92 58 95
153 66 156 68
168 62 171 64
79 86 79 97
42 96 45 98
120 75 120 86
98 81 100 84
113 77 113 88
165 63 166 68
132 72 135 74
147 68 148 73
199 54 199 65
40 97 41 102
118 76 119 81
7 106 7 117
63 91 66 93
15 104 16 109
186 58 189 60
8 106 8 117
1 108 4 110
157 66 160 68
68 90 71 92
46 96 49 98
139 71 142 73
91 84 94 86
28 101 29 106
85 86 86 91
22 103 24 106
126 75 127 80
178 61 181 63
11 106 13 109
149 69 152 71
116 78 117 83
194 57 197 59
161 66 164 68
72 90 75 92
61 93 62 98
191 58 191 69
102 82 104 85
39 99 39 110
143 71 146 73
136 73 136 84
51 96 52 101
81 88 84 90
174 63 177 65
182 61 185 63
153 69 156 71
168 65 171 67
42 99 45 101
109 81 112 83
35 101 35 112
132 75 135 77
121 78 124 80
88 87 91 89
55 96 58 98
63 94 66 96
186 61 189 63
97 85 100 87
190 60 190 71
1 111 4 113
157 69 160 71
68 93 71 95
5 110 6 115
46 99 49 101
139 74 142 76
106 83 107 88
32 103 32 114
21 106 21 117
92 87 95 89
178 64 181 66
37 102 37 113
193 60 196 62
26 105 27 110
67 94 67 105
149 72 152 74
101 85 101 96
172 66 172 77
161 69 164 71
20 107 20 118
72 93 72 104
87 89 87 100
128 78 128 89
143 74 146 76
54 98 54 109
73 93 73 104
77 92 77 103
81 91 84 93
96 87 96 98
174 66 177 68
33 104 34 109
59 97 60 102
22 107 25 109
74 93 74 104
11 110 13 113
0 113 0 124
182 64 184 67
197 60 197 71
75 93 75 104
153 72 156 74
168 68 171 70
42 102 45 104
109 84 110 89
165 69 166 74
102 86 105 88
132 78 135 80
121 81 124 83
147 74 148 79
88 90 91 92
40 103 41 108
118 82 119 87
55 99 58 101
185 64 187 67
111 84 112 89
137 77 140 79
63 97 65 100
15 110 16 115
97 88 100 90
1 114 4 116
131 79 131 90
157 72 162 73
68 96 71 98
46 102 49 104
9 112 10 117
28 107 28 118
80 93 80 104
173 68 173 79
188 64 189 69
36 105 36 116
66 97 66 108
92 90 95 92
29 107 29 118
85 92 86 97
126 81 127 86
178 67 181 69
141 77 144 79
193 63 195 66
149 75 152 77
116 84 117 89
53 101 53 112
61 99 62 104
51 102 52 107
129 81 129 92
196 63 196 74
81 94 84 96
174 69 177 71
163 72 164 77
22 110 23 115
145 77 146 82
153 75 158 76
168 71 171 73
42 105 45 107
198 63 198 74
24 110 25 115
102 89 105 91
132 81 132 92
121 84 124 86
88 93 91 95
14 113 14 124
55 102 58 104
133 81 134 86
159 74 162 76
137 80 140 82
11 114 13 117
167 72 167 83
78 96 78 107
130 82 130 93
182 68 182 79
97 91 100 93
1 117 4 119
183 68 184 73
68 99 71 101
5 116 6 121
31 109 31 120
135 81 135 92
46 105 48 108
106 89 108 92
114 87 114 98
192 66 192 77
92 93 93 98
185 68 185 79
178 70 181 72
63 101 63 112
141 80 144 82
26 111 27 116
30 110 30 121
186 68 186 79
19 113 19 124
149 78 152 80
49 105 50 110
153 77 156 79
64 101 65 106
76 98 76 109
17 114 18 119
95 93 95 104
81 97 84 99
174 72 177 74
33 110 34 115
59 103 59 114
115 88 115 99
193 67 195 70
60 103 60 114
168 74 171 76
79 98 79 109
157 77 160 79
42 108 45 110
120 87 123 89
109 90 112 92
187 69 187 80
113 89 113 100
165 75 166 80
102 92 105 94
147 80 148 85
199 66 199 77
88 96 91 98
40 109 41 114
118 88 119 93
55 105 58 107
7 118 10 120
137 83 140 85
15 116 16 121
97 94 100 96
1 120 4 122
68 102 71 104
161 77 162 82
124 87 127 89
188 70 189 75
85 98 86 103
178 73 181 75
141 83 144 85
149 81 152 83
153 80 156 82
12 118 13 123
38 111 39 116
116 90 117 95
94 96 94 107
46 109 47 114
61 105 62 110
106 93 109 95
136 85 136 96
51 108 52 113
81 100 83 103
174 75 177 77
22 116 23 121
11 119 11 130
145 83 146 88
164 78 164 89
168 77 171 79
157 80 160 82
42 111 42 122
120 90 123 92
35 113 35 124
24 116 25 121
102 95 105 97
43 111 45 114
84 100 84 111
110 93 112 96
88 99 91 101
55 108 58 110
133 87 134 92
7 121 10 123
137 86 140 88
193 71 195 74
97 97 98 102
190 72 191 77
1 123 4 125
183 74 184 79
68 105 71 107
5 122 5 133
124 90 125 95
6 122 6 133
21 118 21 129
99 97 101 100
48 111 49 116
178 76 181 78
37 114 37 125
141 86 144 88
26 117 26 128
67 106 67 117
93 99 93 110
149 84 152 86
127 90 128 95
153 83 153 94
64 107 65 112
27 117 27 128
72 105 75 107
50 111 50 122
154 83 159 84
54 110 54 121
106 96 109 98
17 120 18 125
32 116 34 119
77 104 77 115
96 99 96 110
174 78 176 81
126 91 126 102
0 125 0 136
197 72 197 83
168 80 171 82
120 93 123 95
87 102 90 104
165 81 166 86
102 98 105 100
147 86 148 91
177 78 177 89
40 115 41 120
92 101 92 112
118 94 119 99
55 111 58 113
81 104 83 107
7 124 10 126
137 89 140 91
163 82 163 93
15 122 16 127
160 83 162 86
1 126 4 128
131 91 131 102
68 108 71 110
172 80 173 85
154 85 157 87
91 102 91 113
80 105 80 116
43 115 46 117
110 97 112 100
188 76 189 81
36 117 36 128
66 109 66 120
29 119 29 130
178 79 181 81
141 89 144 91
193 75 196 77
149 87 152 89
86 104 86 115
12 124 12 135
38 117 39 122
116 96 117 101
53 113 53 124
72 108 74 111
61 111 62 116
13 124 13 135
106 99 109 101
158 85 159 90
47 115 47 126
99 101 101 104
51 114 52 119
129 93 129 104
22 122 25 124
145 89 145 100
75 108 75 119
168 83 171 85
120 96 123 98
146 89 146 100
20 123 20 134
87 105 90 107
102 101 105 103
132 93 135 95
32 120 34 123
14 125 14 136
55 114 58 116
174 82 176 85
7 127 10 129
137 92 140 94
167 84 167 95
130 94 130 105
182 80 185 82
97 103 98 108
190 78 193 80
1 129 4 131
68 111 71 113
31 121 31 132
154 88 157 90
43 118 43 129
125 96 125 107
114 99 114 110
81 108 82 113
44 118 46 121
48 117 49 122
178 82 181 84
63 113 65 116
141 92 144 94
78 109 78 120
30 122 30 133
160 87 162 90
186 80 186 91
19 125 19 136
149 90 152 92
127 96 128 101
194 78 196 81
83 108 83 119
124 97 124 108
76 110 76 121
106 102 108 105
17 126 17 137
95 105 95 116
110 101 113 103
18 126 18 137
59 115 59 126
22 125 22 136
115 100 115 111
23 125 25 128
168 86 173 87
79 110 79 121
120 99 123 101
198 78 198 89
109 102 109 113
187 81 187 92
72 112 74 115
87 108 90 110
165 87 166 92
102 104 105 106
132 96 135 98
147 92 148 97
99 105 101 108
118 100 119 105
55 117 58 119
7 130 10 132
137 95 140 97
182 83 185 85
15 128 15 139
41 121 41 132
190 81 193 83
1 132 1 143
68 114 71 116
154 91 156 94
2 132 4 135
32 124 34 127
188 82 189 87
174 86 176 89
178 85 179 90
141 95 144 97
149 93 152 95
60 117 65 118
38 123 39 128
116 102 117 107
168 88 171 90
157 91 159 94
94 108 94 119
180 85 181 90
110 104 113 106
136 97 136 108
51 120 52 125
40 123 40 134
44 122 46 125
11 131 11 142
160 91 162 94
164 90 164 101
194 82 196 85
42 123 42 134
120 102 123 104
172 88 173 93
35 125 35 136
87 111 90 113
102 107 105 109
106 106 108 109
132 99 135 101
55 120 58 122
7 133 10 135
137 98 138 103
182 86 185 88
60 119 61 124
190 84 193 86
23 129 26 131
68 117 71 119
5 134 6 139
72 116 74 119
98 109 99 114
139 98 142 100
199 82 199 93
84 113 84 124
21 130 21 141
81 114 82 119
48 123 50 126
37 126 37 137
63 119 63 130
67 118 67 129
93 111 93 122
149 96 152 98
101 109 101 120
127 102 128 107
153 95 156 97
64 119 65 124
168 91 171 93
27 129 27 140
16 132 16 143
143 98 143 109
2 136 3 141
54 122 54 133
32 128 34 131
110 107 112 110
96 111 97 116
174 90 174 101
100 110 100 121
126 103 126 114
0 137 0 148
4 136 4 147
175 90 177 93
157 95 160 97
120 105 121 110
87 114 89 117
113 107 113 118
165 93 166 98
102 110 105 112
132 102 135 104
147 98 148 103
77 117 77 128
92 113 92 124
118 106 119 111
55 123 58 125
44 126 46 129
122 105 123 110
7 136 10 138
163 94 163 105
182 89 185 91
190 87 193 89
23 132 26 134
90 114 91 119
194 86 196 89
131 103 131 114
68 120 71 122
161 95 162 100
139 101 142 103
28 131 29 136
80 117 80 128
106 110 108 113
188 88 188 99
36 129 36 140
66 121 66 132
85 116 86 121
189 88 189 99
178 91 180 94
149 99 152 101
153 98 156 100
12 136 13 141
38 129 39 134
116 108 117 113
168 94 171 96
53 125 53 136
72 120 75 122
47 127 50 129
51 126 52 131
129 105 129 116
181 91 181 102
144 101 146 104
197 87 197 98
157 98 160 100
172 94 172 105
20 135 20 146
102 113 105 115
132 105 135 107
32 132 32 143
110 111 112 114
55 126 58 128
7 139 9 142
33 132 34 137
137 104 140 106
167 96 167 107
130 106 130 117
182 92 185 94
175 94 177 97
60 125 61 130
190 90 193 92
23 135 26 137
68 123 73 124
5 140 5 151
31 133 31 144
98 115 98 126
87 118 89 121
43 130 46 132
99 115 99 126
125 108 125 119
10 139 10 150
114 111 114 122
81 120 83 123
141 104 142 109
78 121 78 132
30 134 30 145
186 92 186 103
19 137 19 148
149 102 152 104
127 108 128 113
153 101 156 103
64 125 65 130
168 97 171 99
194 90 196 93
124 109 124 120
76 122 76 133
2 142 3 147
106 114 109 116
17 138 18 143
95 117 97 120
6 141 6 152
47 130 49 133
59 127 59 138
22 137 22 148
74 123 75 128
178 95 180 98
115 112 115 123
79 122 79 133
157 101 160 103
68 125 71 127
120 111 123 113
198 90 198 101
165 99 166 104
50 130 50 141
102 116 105 118
132 108 135 110
147 104 148 109
14 140 15 145
118 112 119 117
144 105 146 108
55 129 58 131
137 107 140 109
182 95 185 97
41 133 41 144
190 93 193 95
23 138 26 140
90 120 91 125
1 144 1 155
161 101 162 106
72 125 73 130
28 137 28 148
43 133 46 135
173 98 173 109
110 115 112 118
29 137 29 148
7 143 7 154
85 122 88 124
149 105 150 110
175 98 177 101
8 143 8 154
153 104 156 106
12 142 12 153
38 135 40 138
116 114 117 119
168 100 171 102
94 120 94 131
187 95 187 106
106 117 108 120
136 109 136 120
151 105 152 110
51 132 51 143
81 124 81 135
11 143 11 154
89 122 89 133
52 132 52 143
82 124 83 129
164 102 164 113
194 94 196 97
157 104 160 106
42 135 42 146
68 128 71 130
120 114 123 116
109 117 109 128
9 144 9 155
35 137 35 148
102 119 105 121
132 111 135 113
95 121 97 124
47 134 49 137
55 132 58 134
33 138 34 143
137 110 140 112
178 99 180 102
182 98 185 100
60 131 63 133
190 96 193 98
23 141 26 143
43 136 46 138
84 125 86 128
21 142 21 153
144 109 146 112
37 138 37 149
141 110 143 113
67 130 67 141
93 123 93 134
101 121 101 132
127 114 128 119
153 107 156 109
64 131 65 136
168 103 171 105
27 141 27 152
16 144 18 147
87 125 88 130
2 148 4 151
54 134 54 145
110 119 113 121
174 102 177 104
74 129 75 134
100 122 100 133
0 149 0 160
38 139 40 142
157 107 160 109
68 131 71 133
120 117 123 119
165 105 166 110
102 122 105 124
13 146 14 151
106 121 108 124
132 114 132 125
147 110 148 115
77 129 77 140
92 125 92 136
118 118 118 129
55 135 58 137
137 113 140 115
182 101 185 103
15 146 15 157
119 118 119 129
134 114 134 125
60 134 63 136
190 99 193 101
23 144 26 146
90 126 91 131
194 98 194 109
135 114 135 125
161 107 163 110
72 131 73 136
195 98 195 109
80 129 80 140
43 139 46 141
95 125 97 128
199 97 199 108
188 100 189 105
47 138 49 141
36 141 36 152
66 133 66 144
196 98 196 109
126 117 126 128
178 103 181 105
149 111 152 113
153 110 156 112
116 120 117 125
168 106 171 108
53 137 53 148
131 116 131 127
84 129 85 134
110 122 113 124
129 117 129 128
144 113 145 118
133 116 133 127
174 105 176 108
141 114 143 117
197 99 197 110
82 130 83 135
86 129 86 140
157 110 160 112
16 148 18 151
68 134 68 145
120 120 123 122
146 113 146 124
172 106 172 117
102 125 105 127
2 152 5 154
69 134 71 137
32 144 34 147
55 138 57 141
137 116 139 119
167 108 167 119
130 118 130 129
182 104 185 106
60 137 63 139
190 102 193 104
23 147 26 149
38 143 40 146
31 145 31 156
98 127 99 132
106 125 108 128
43 142 46 144
125 120 125 131
177 106 180 108
10 151 10 162
114 123 114 134
140 116 140 127
78 133 78 144
30 146 30 157
186 104 186 115
19 149 19 160
149 114 152 116
127 120 128 125
153 113 156 115
64 137 65 142
168 109 169 114
161 111 163 114
20 149 20 160
124 121 124 132
76 134 76 145
95 129 97 132
6 153 6 164
110 125 113 127
47 142 50 144
88 131 88 142
181 106 181 117
170 109 171 114
59 139 59 150
22 149 22 160
74 135 74 146
115 124 115 135
75 135 75 146
79 134 79 145
157 113 160 115
120 123 121 128
198 102 198 113
165 111 166 116
102 128 105 130
13 152 14 157
2 155 5 157
147 116 148 121
122 123 122 134
174 109 177 111
141 118 143 121
182 107 185 109
41 145 41 156
60 140 63 142
190 105 193 107
23 150 26 152
90 132 91 137
1 156 1 167
16 152 18 155
72 137 73 142
28 149 29 154
43 145 46 147
69 138 71 141
32 148 34 151
188 106 189 111
55 142 58 144
7 155 8 160
137 120 138 125
178 109 179 114
149 117 152 119
153 116 156 118
12 154 12 165
38 147 40 150
116 126 117 131
94 132 94 143
187 107 187 118
139 120 139 131
180 109 180 120
106 129 109 131
84 135 85 140
110 128 113 130
47 145 50 147
51 144 52 149
144 119 144 130
81 136 83 139
89 134 89 145
164 114 164 125
157 116 160 118
42 147 42 158
161 115 163 118
9 156 9 167
35 149 35 160
87 135 87 146
102 131 105 133
2 158 5 160
95 133 96 138
173 112 176 114
182 110 185 112
97 133 99 136
123 126 123 137
60 143 63 145
23 153 26 155
191 108 192 113
43 148 46 150
136 123 136 134
21 154 21 165
177 112 177 123
55 145 58 147
11 157 11 168
141 122 143 125
193 108 193 119
67 142 67 153
93 135 93 146
145 121 145 132
149 120 152 122
190 109 190 120
101 133 101 144
127 126 128 131
153 119 156 121
64 143 65 148
168 115 171 117
16 156 18 159
54 146 54 157
106 132 109 134
69 142 71 145
32 152 34 155
110 131 113 133
47 148 50 150
100 134 100 145
37 151 40 153
0 161 0 172
27 154 27 165
157 119 160 121
120 129 120 140
165 117 165 128
102 134 105 136
13 158 15 161
2 161 5 163
132 126 132 137
147 122 148 127
173 115 176 117
118 130 119 135
81 140 83 143
182 113 185 115
134 126 135 131
60 146 63 148
23 156 26 158
90 138 92 141
194 110 196 113
161 119 163 122
72 143 73 148
28 155 28 166
80 141 80 152
43 151 46 153
188 112 189 117
36 153 36 164
66 145 66 156
29 155 29 166
55 148 58 150
7 161 8 166
137 126 138 131
126 129 126 140
178 115 179 120
97 137 99 140
149 123 152 125
153 122 156 124
116 132 117 137
168 118 171 120
106 135 108 138
84 141 86 144
110 134 113 136
47 151 50 153
133 128 133 139
37 154 40 156
141 126 143 129
52 150 53 155
197 111 197 122
131 129 131 140
157 122 160 124
16 160 18 163
68 146 71 148
146 125 146 136
172 118 175 120
109 135 109 146
102 137 105 139
2 164 5 166
95 139 96 144
121 132 121 143
32 156 34 159
129 130 130 135
167 120 167 131
182 116 185 118
60 149 63 151
23 159 26 161
31 157 31 168
176 118 176 129
13 162 15 165
43 154 46 156
125 132 125 143
10 163 10 174
114 135 114 146
140 128 140 139
55 151 58 153
81 144 83 147
30 158 30 169
186 116 186 127
19 161 20 166
149 126 152 128
127 132 128 137
153 125 156 127
64 149 65 154
90 142 92 145
168 121 171 123
194 114 196 117
161 123 162 128
124 133 124 144
191 115 192 120
76 146 77 151
6 165 6 176
110 137 113 139
47 154 50 156
88 143 88 154
166 122 166 133
51 153 51 164
181 118 181 129
59 151 59 162
163 123 163 134
22 161 22 172
74 147 75 152
37 157 40 159
115 136 115 147
97 141 99 144
79 146 79 157
157 125 159 128
68 149 71 151
172 121 175 123
198 114 199 119
102 140 104 143
2 167 5 169
106 139 108 142
147 128 147 139
84 145 86 148
118 136 119 141
122 135 122 146
141 130 143 133
182 119 185 121
41 157 41 168
134 132 135 137
160 125 160 136
60 152 62 155
23 162 26 164
1 168 1 179
105 140 105 151
16 164 18 167
43 157 45 160
32 160 34 163
188 118 189 123
55 154 58 156
148 129 151 131
7 167 8 172
137 132 138 137
178 121 180 124
63 152 63 163
153 128 156 130
12 166 14 169
116 138 117 143
168 124 171 126
94 144 94 155
187 119 187 130
46 157 49 159
139 132 139 143
110 140 113 142
144 131 144 142
37 160 40 162
89 146 89 157
52 156 52 167
15 166 15 177
82 148 82 159
164 126 164 137
90 146 90 157
194 118 196 121
42 159 42 170
68 152 71 154
172 124 175 126
83 148 83 159
72 151 72 162
9 168 9 179
35 161 35 172
87 147 87 158
50 157 50 168
91 146 92 151
2 170 5 172
95 145 98 147
129 136 130 141
152 130 152 141
182 122 184 125
123 138 123 149
23 165 26 167
53 157 53 168
157 129 159 132
102 144 104 147
106 143 108 146
84 149 86 152
21 166 21 177
99 145 99 156
55 157 58 159
81 150 81 161
185 122 185 133
148 132 151 134
11 169 11 180
141 134 143 137
193 120 193 131
78 151 78 162
67 154 67 165
93 147 93 158
145 133 145 144
19 167 19 178
60 156 62 159
190 121 191 126
127 138 128 143
153 131 156 133
64 155 65 160
168 127 171 129
16 168 18 171
161 129 162 134
20 167 20 178
46 160 49 162
54 158 54 169
43 161 45 164
32 164 34 167
110 143 113 145
136 136 136 147
73 153 74 158
177 125 180 127
192 121 192 132
77 152 77 163
100 146 101 151
37 163 40 165
0 173 0 184
12 170 12 181
27 166 27 177
68 155 71 157
120 141 120 152
172 127 175 129
198 120 199 125
165 129 165 140
76 153 76 164
13 170 13 181
2 173 5 175
132 138 132 149
95 148 98 150
14 170 14 181
118 142 119 147
134 138 135 143
23 168 26 170
194 122 194 133
195 122 195 133
28 167 29 172
80 153 80 164
188 124 189 129
36 165 36 176
66 157 66 168
196 122 196 133
55 160 58 162
148 135 151 137
7 173 8 178
137 138 138 143
126 141 126 152
75 155 75 166
153 134 156 136
116 144 117 149
168 130 171 132
157 133 159 136
183 126 184 131
46 163 49 165
102 148 104 151
106 147 111 148
84 153 86 156
177 128 180 130
133 140 133 151
37 166 40 168
141 138 143 141
197 123 197 134
60 160 61 165
112 146 113 151
131 141 131 152
16 172 18 175
68 158 71 160
146 137 146 148
172 130 175 132
2 176 5 178
43 165 45 168
95 151 98 153
32 168 34 171
62 160 62 171
129 142 130 147
92 152 92 163
167 132 167 143
182 128 182 139
23 171 26 173
31 169 31 180
176 130 176 141
106 149 108 152
121 145 121 156
10 175 10 186
114 147 114 158
55 163 58 165
148 138 151 140
30 170 30 181
186 128 186 139
190 127 191 132
127 144 128 149
153 137 155 140
64 161 65 166
168 133 171 135
109 149 111 152
161 135 162 140
46 166 49 168
124 145 125 150
6 177 6 188
73 159 74 164
177 131 180 133
166 134 166 145
51 165 51 176
181 130 181 141
59 163 59 174
163 135 163 146
22 173 22 184
100 152 103 154
37 169 40 171
115 148 115 159
156 137 159 139
79 158 79 169
68 161 70 164
172 133 175 135
198 126 199 131
2 179 5 181
95 154 98 156
84 157 86 160
140 142 143 144
118 148 118 159
122 147 122 158
41 169 41 180
119 148 119 159
134 144 135 149
160 137 160 148
71 161 71 172
23 174 23 185
1 180 1 191
105 152 105 163
16 176 18 179
24 174 26 177
28 173 29 178
43 169 46 171
147 141 150 143
32 172 34 175
188 130 189 135
88 157 88 168
55 166 58 168
7 179 8 184
137 144 139 147
63 164 63 175
104 153 104 164
116 150 117 155
168 136 171 138
183 132 184 137
94 156 94 167
187 131 187 142
106 153 109 155
47 169 50 171
151 141 151 152
177 134 180 136
144 143 144 154
100 155 103 157
37 172 39 175
89 158 91 161
52 168 52 179
156 140 157 145
15 178 15 189
60 166 61 171
112 152 113 157
164 138 164 149
153 141 155 144
42 171 42 182
172 136 175 138
72 163 72 174
9 180 9 191
35 173 35 184
87 159 87 170
2 182 5 184
158 140 159 145
95 157 98 159
110 153 111 158
140 145 143 147
129 148 130 153
40 172 40 183
152 142 152 153
82 161 85 163
123 150 123 161
53 169 53 180
68 165 70 168
43 172 46 174
147 144 150 146
21 178 21 189
99 157 99 168
55 169 58 171
81 162 81 173
185 134 185 145
11 181 11 192
193 132 193 143
78 163 78 174
67 166 67 177
93 159 93 170
145 145 145 156
19 179 19 190
86 161 86 172
190 133 192 136
127 150 128 155
16 180 18 183
161 141 162 146
20 179 20 190
124 151 125 156
24 178 27 180
65 167 65 178
54 170 54 181
106 156 109 158
32 176 34 179
136 148 139 150
47 172 49 175
73 165 73 176
177 137 180 139
77 164 77 175
170 139 173 141
74 165 74 176
100 158 103 160
0 185 0 196
12 182 13 187
165 141 165 152
50 172 50 183
169 140 169 151
2 185 5 187
132 150 132 161
95 160 98 162
140 148 143 150
14 182 14 193
174 139 174 150
37 176 39 179
89 162 91 165
82 164 85 166
134 150 135 155
175 139 175 150
153 145 155 148
64 169 64 180
168 141 168 152
194 134 196 137
198 133 198 144
28 179 29 184
80 165 80 176
43 175 44 180
147 147 150 149
188 136 189 141
36 177 36 188
66 169 66 180
55 172 58 174
7 185 8 190
126 153 126 164
45 175 45 186
75 167 76 172
116 156 116 167
183 138 184 143
68 169 70 172
46 175 46 186
24 181 27 183
117 156 117 167
106 159 109 161
199 134 199 145
136 151 139 153
177 140 179 143
170 142 173 144
100 161 103 163
156 146 159 148
197 135 197 146
60 172 62 175
112 158 112 169
190 137 192 140
131 153 131 164
16 184 18 187
146 149 146 160
113 158 113 169
180 140 180 151
2 188 4 191
95 163 95 174
32 180 34 183
110 159 110 170
47 176 49 179
140 151 143 153
129 154 130 159
92 164 92 175
96 163 96 174
167 144 167 155
182 140 182 151
82 167 85 169
97 163 98 168
120 157 121 162
5 188 5 199
176 142 176 153
147 150 150 152
10 187 10 198
114 159 114 170
55 175 58 177
133 154 133 165
37 180 39 183
89 166 91 169
30 182 31 187
186 140 186 151
127 156 128 161
153 149 156 151
194 138 196 141
161 147 163 150
124 157 125 162
24 184 27 186
106 162 109 164
6 189 6 200
136 154 138 157
166 146 166 157
51 177 51 188
181 142 181 153
170 145 173 147
59 175 59 186
22 185 22 196
100 164 103 166
12 188 13 193
157 149 160 151
68 173 71 175
139 154 142 156
177 144 179 147
118 160 118 171
122 159 122 170
111 162 111 173
41 181 41 192
119 160 119 171
82 170 85 172
134 156 134 167
60 176 63 178
190 141 192 144
23 186 23 197
1 192 4 194
105 164 105 175
16 188 18 191
135 156 135 167
143 154 143 165
28 185 29 190
43 181 44 186
147 153 150 155
32 184 34 187
188 142 188 153
47 180 49 183
88 169 88 180
55 178 58 180
7 191 8 196
189 142 189 153
104 165 104 176
75 173 76 178
153 152 156 154
183 144 184 149
94 168 94 179
187 143 187 154
24 187 27 189
106 165 109 167
151 153 151 164
144 155 144 166
170 148 173 150
100 167 103 169
37 184 40 186
89 170 91 173
164 150 164 161
194 142 196 145
79 173 79 184
157 152 160 154
42 183 42 194
68 176 71 178
161 151 163 154
72 175 72 186
9 192 9 203
35 185 35 196
87 171 87 182
139 157 142 159
136 158 138 161
129 160 130 165
152 154 152 165
52 181 53 186
15 191 15 202
82 173 85 175
97 169 99 172
123 162 123 173
60 179 63 181
120 163 120 174
2 195 2 206
147 156 150 158
177 148 179 151
3 195 3 206
55 181 58 183
81 174 81 185
185 146 185 157
11 193 11 204
193 144 193 155
78 175 78 186
93 171 93 182
4 195 4 206
30 188 31 193
19 191 21 194
86 173 86 184
190 145 192 148
127 162 128 167
153 155 156 157
16 192 18 195
124 163 125 168
24 190 27 192
65 179 65 190
54 182 54 193
106 168 109 170
121 164 121 175
47 184 50 186
73 177 74 182
77 176 77 187
170 151 173 153
33 188 34 193
100 170 103 172
37 187 40 189
0 197 0 208
67 179 70 181
12 194 14 197
157 155 160 157
139 160 142 162
169 152 169 163
174 151 175 156
89 174 91 177
115 167 115 178
82 176 85 178
71 179 71 190
60 182 63 184
168 153 168 164
194 146 196 149
1 198 1 209
161 155 162 160
28 191 29 196
80 177 80 188
43 187 46 189
147 159 150 161
32 190 32 201
136 162 138 165
36 189 36 200
66 181 66 192
55 184 58 186
7 197 8 202
163 155 163 166
126 165 126 176
97 173 99 176
75 179 76 184
153 158 156 160
116 168 117 173
183 150 184 155
198 146 198 157
24 193 27 195
106 171 109 173
199 146 199 157
47 187 49 190
177 152 178 157
170 154 173 156
100 173 103 175
37 190 40 192
67 182 70 184
145 161 146 166
197 147 197 158
19 195 21 198
112 170 113 175
190 149 192 152
179 152 179 163
157 158 160 160
16 196 18 199
139 163 142 165
50 187 50 198
180 152 180 163
95 175 96 180
110 171 110 182
129 166 130 171
92 176 92 187
167 156 167 167
182 152 182 163
82 179 85 181
60 185 63 187
12 198 14 201
64 184 64 195
53 187 53 198
131 166 131 177
5 200 5 211
176 154 176 165
165 157 165 168
132 166 133 171
43 190 46 192
147 162 150 164
10 199 10 210
114 171 114 182
55 187 58 189
89 178 91 181
30 194 31 199
186 152 186 163
127 168 128 173
153 161 156 163
194 150 196 153
24 196 24 207
106 174 109 176
6 201 6 212
136 166 139 168
73 183 74 188
166 158 166 169
25 196 26 201
51 189 51 200
181 154 181 165
170 157 173 159
59 187 59 198
22 197 22 208
100 176 103 178
37 193 40 195
52 189 52 200
67 185 67 196
97 177 99 180
34 194 34 205
27 196 27 207
157 161 160 163
68 185 69 190
47 191 49 194
140 166 143 168
118 172 119 177
70 185 70 196
122 171 122 182
174 157 175 162
111 174 111 185
41 193 41 204
82 182 85 184
19 199 21 202
60 188 63 190
190 153 192 156
23 198 23 209
105 176 105 187
16 200 18 203
135 168 135 179
161 161 161 172
28 197 29 202
43 193 46 195
147 165 150 167
188 154 189 159
88 181 88 192
55 190 58 192
7 203 8 208
104 177 104 188
75 185 76 190
153 164 156 166
12 202 13 207
116 174 116 185
183 156 184 161
94 180 94 191
187 155 187 166
117 174 117 185
106 177 109 179
136 169 139 171
151 165 151 176
177 158 178 163
14 202 14 213
144 167 146 170
170 160 173 162
100 179 103 181
37 196 40 198
89 182 91 185
112 176 113 181
164 162 164 173
194 154 196 157
79 185 79 196
157 164 160 166
42 195 42 206
72 187 72 198
9 204 9 215
35 197 35 208
95 181 98 183
140 169 143 171
129 172 129 183
152 166 152 177
15 203 15 214
82 185 83 190
134 171 134 182
123 174 124 179
60 191 63 193
120 175 120 186
87 184 87 195
2 207 4 210
132 172 132 183
43 196 46 198
147 168 149 171
84 185 84 196
47 195 49 198
99 181 99 192
55 193 58 195
81 186 81 197
133 172 133 183
185 158 185 169
85 185 86 190
11 205 11 216
193 156 193 167
78 187 78 198
93 183 93 194
30 200 31 205
19 203 21 206
190 157 192 160
127 174 128 179
153 167 156 169
16 204 18 207
65 191 65 202
54 194 54 205
106 180 109 182
121 176 121 187
136 172 139 174
162 165 162 176
73 189 74 194
125 175 125 186
25 202 26 207
170 163 173 165
100 182 103 184
37 199 40 201
0 209 0 220
157 167 160 169
68 191 69 196
150 169 150 180
169 164 169 175
140 172 143 174
77 189 77 200
118 178 119 183
144 171 146 174
96 184 98 187
174 163 175 168
89 186 91 189
115 179 115 190
71 191 71 202
60 194 63 196
168 165 168 176
194 158 194 169
1 210 1 221
195 158 195 169
28 203 29 208
80 189 80 200
43 199 46 201
32 202 32 213
188 160 189 165
36 201 36 212
55 196 58 198
7 209 8 214
126 177 126 188
130 176 130 187
75 191 76 196
153 170 156 172
12 208 13 213
183 162 184 167
198 158 199 163
2 211 3 216
106 183 109 185
95 186 95 197
147 172 149 175
136 175 139 177
47 199 50 201
177 164 180 166
170 166 173 168
196 159 197 164
100 185 103 187
37 202 40 204
4 211 4 222
19 207 21 210
112 182 113 187
190 161 192 164
157 170 160 172
16 208 17 213
110 183 110 194
140 175 143 177
92 188 92 199
18 208 18 219
163 169 163 180
167 168 167 179
182 164 182 175
82 191 83 196
123 180 124 185
60 197 63 199
64 196 64 207
53 199 53 210
5 212 5 223
176 166 176 177
165 169 165 180
43 202 46 204
10 211 10 222
144 175 146 178
55 199 58 201
96 188 98 191
85 191 86 196
89 190 91 193
30 206 31 211
186 164 186 175
127 180 128 185
153 173 156 175
24 208 27 210
106 186 109 188
136 178 139 180
47 202 49 205
73 195 74 200
177 167 179 170
166 170 166 181
51 201 52 206
170 169 173 171
22 209 22 220
100 188 102 191
37 205 40 207
67 197 70 199
34 206 34 217
131 180 131 191
157 173 160 175
50 202 50 213
147 176 149 179
140 178 143 180
181 167 181 178
118 184 119 189
122 183 122 194
174 169 175 174
59 200 61 203
111 186 111 197
19 211 21 214
190 165 192 168
23 210 23 221
105 188 105 199
135 180 135 191
161 173 161 184
28 209 28 220
43 205 46 207
188 166 189 171
62 200 63 205
88 193 88 204
114 186 114 197
103 189 104 194
29 209 29 220
7 215 8 220
33 208 33 219
56 202 58 205
75 197 76 202
153 176 156 178
12 214 14 217
116 186 117 191
183 168 184 173
94 192 94 203
198 164 199 169
24 211 27 213
180 169 180 180
2 217 3 222
106 189 109 191
136 181 137 186
151 177 151 188
66 200 69 202
144 179 146 182
170 172 173 174
196 165 197 170
96 192 98 195
37 208 40 210
89 194 90 199
41 207 42 212
112 188 113 193
138 181 141 183
164 174 164 185
79 197 79 208
157 176 160 178
16 214 17 219
187 168 187 179
72 199 72 210
9 216 9 227
35 209 35 220
91 194 91 205
47 206 49 209
177 171 179 174
129 184 129 195
55 204 55 215
70 200 70 211
100 192 101 197
152 178 152 189
15 215 15 226
82 197 85 199
134 183 134 194
123 186 124 191
142 181 143 186
120 187 120 198
87 196 87 207
132 184 133 189
43 208 46 210
147 180 149 183
81 198 81 209
185 170 185 181
59 204 61 207
11 217 11 228
193 168 193 179
78 199 78 210
93 195 93 206
30 212 31 217
19 215 21 218
86 197 86 208
190 169 192 172
127 186 128 191
153 179 156 181
24 214 27 216
102 193 102 204
65 203 68 205
54 206 54 217
106 192 109 194
121 188 121 199
162 177 162 188
73 201 74 206
99 194 99 205
125 187 125 198
51 207 52 212
170 175 175 176
37 211 38 216
0 221 0 232
56 206 56 217
138 184 140 187
12 218 13 223
157 179 160 181
57 206 57 217
150 181 150 192
39 211 40 216
169 176 169 187
69 203 69 214
58 206 58 217
77 201 77 212
14 218 14 229
118 190 119 195
144 183 146 186
96 196 98 199
141 184 141 195
82 200 84 203
168 177 168 188
194 170 195 175
1 222 1 233
80 201 80 212
43 211 46 213
6 221 8 224
32 214 32 225
188 172 189 177
47 210 49 213
177 175 179 178
36 213 36 224
62 206 63 211
170 177 173 179
85 200 85 211
126 189 126 200
115 192 117 195
104 195 104 206
130 188 130 199
75 203 75 214
153 182 156 184
183 174 184 179
198 170 198 181
24 217 26 220
76 203 76 214
65 206 68 208
2 223 4 226
106 195 109 197
95 198 95 209
147 184 149 187
199 170 199 181
136 187 137 192
196 171 197 176
174 177 174 188
59 208 60 213
89 200 90 205
41 213 42 218
19 219 21 222
71 205 71 216
112 194 113 199
190 173 192 176
27 217 27 228
157 182 160 184
16 220 18 223
61 208 61 219
110 195 110 206
103 197 103 208
92 200 92 211
163 181 163 192
100 198 101 203
167 180 167 191
182 176 182 187
123 192 124 197
175 178 176 183
138 188 140 191
142 187 145 189
53 211 53 222
5 224 5 235
165 181 165 192
132 190 132 201
43 214 46 216
10 223 10 234
170 180 173 182
133 190 133 201
96 200 98 203
30 218 31 223
82 204 84 207
186 176 186 187
127 192 128 197
153 185 156 187
64 209 67 211
146 187 146 198
106 198 108 201
6 225 8 228
47 214 50 216
73 207 74 212
177 179 179 182
166 182 166 193
51 213 52 218
22 221 22 232
37 217 40 219
115 196 118 198
12 224 13 229
131 192 131 203
157 185 159 188
68 209 68 220
24 221 26 224
2 227 4 230
147 188 149 191
181 179 181 190
122 195 122 206
111 198 111 209
119 196 119 207
160 185 161 190
19 223 21 226
190 177 192 180
23 222 23 233
142 190 145 192
194 176 195 181
16 224 18 227
135 192 135 203
28 221 29 226
43 217 44 222
188 178 189 183
62 212 65 214
114 198 114 209
170 183 173 185
33 220 34 225
45 217 48 219
138 192 140 195
153 188 156 190
183 180 184 185
94 204 94 215
136 193 137 198
151 189 151 200
88 206 91 208
66 212 67 217
196 177 197 182
96 204 98 207
59 214 60 219
37 220 40 222
115 199 118 201
41 219 42 224
82 208 84 211
112 200 113 205
164 186 164 197
49 217 50 222
79 209 79 220
105 202 108 204
72 211 72 222
9 228 9 239
35 221 35 232
6 229 8 232
177 183 180 185
129 196 129 207
55 216 55 227
70 212 70 223
152 190 152 201
15 227 15 238
134 195 134 206
123 198 124 203
175 184 176 189
101 204 101 215
142 193 145 195
157 189 159 192
120 199 120 210
87 208 87 219
24 225 26 228
2 231 3 236
147 192 149 195
62 215 65 217
170 186 173 188
185 182 185 193
11 229 11 240
93 207 93 218
4 231 4 242
30 224 31 229
19 227 21 230
45 220 48 222
86 209 86 220
190 181 193 183
127 198 128 203
153 191 156 193
102 205 102 216
54 218 54 229
17 228 18 233
162 189 162 200
73 213 73 224
99 206 100 211
125 199 125 210
88 209 91 211
51 219 52 224
37 223 40 225
115 202 118 204
0 233 0 244
56 218 58 221
138 196 141 198
12 230 14 233
105 205 108 207
150 193 150 204
169 188 169 199
69 215 69 226
121 201 121 212
177 186 180 188
81 212 84 214
96 208 98 211
160 191 161 196
142 196 145 198
168 189 168 200
194 182 195 187
1 234 1 245
16 230 16 241
109 205 109 216
187 184 190 186
28 227 29 232
80 213 80 224
43 223 46 225
6 233 8 236
32 226 34 229
36 225 36 236
62 218 64 221
170 189 173 191
85 212 85 223
74 215 77 217
126 201 126 212
78 214 78 225
104 207 104 218
130 200 130 211
153 194 156 196
157 193 159 196
183 186 184 191
198 182 199 187
191 184 193 187
24 229 27 231
65 218 67 221
95 210 95 221
147 196 149 199
136 199 139 201
47 223 50 225
88 212 90 215
196 183 197 188
174 189 174 200
59 220 61 223
37 226 40 228
115 205 118 207
41 225 42 230
19 231 21 234
112 206 113 211
105 208 108 210
91 212 92 217
110 207 110 218
177 189 180 191
140 199 143 201
103 209 103 220
81 215 84 217
163 193 163 204
167 192 167 203
182 188 182 199
56 222 58 225
71 218 71 229
123 204 124 209
175 190 176 195
12 234 14 237
53 223 53 234
5 236 5 247
187 187 190 189
165 193 165 204
2 237 2 248
132 202 133 207
43 226 46 228
10 235 10 246
144 199 146 202
170 192 173 194
96 212 99 214
74 218 77 220
30 230 33 232
186 188 186 199
127 204 127 215
153 197 156 199
24 232 27 234
128 204 128 215
17 234 18 239
6 237 6 248
136 202 139 204
47 226 50 228
62 222 65 224
166 194 166 205
51 225 52 230
3 238 3 249
7 237 8 242
22 233 22 244
100 212 100 223
37 229 40 231
115 208 118 210
34 230 34 241
105 211 108 213
131 204 131 215
157 197 160 199
68 221 68 232
191 188 194 190
147 200 149 203
177 192 180 194
88 216 90 219
140 202 143 204
66 222 67 227
81 218 84 220
122 207 122 218
59 224 61 227
119 208 119 219
19 235 20 240
23 234 23 245
135 204 135 215
161 197 161 208
187 190 190 192
28 233 31 235
43 229 46 231
114 210 114 221
170 195 173 197
96 215 99 217
74 221 77 223
56 226 58 229
153 200 156 202
12 238 14 241
183 192 184 197
94 216 94 227
198 188 198 199
24 235 27 237
195 189 197 192
199 188 199 199
32 233 33 238
136 205 139 207
47 229 50 231
151 201 151 212
62 225 65 227
144 203 146 206
111 212 113 215
37 232 40 234
115 211 118 213
41 231 42 236
164 198 164 209
79 221 79 232
157 200 160 202
72 223 72 234
35 233 35 244
191 191 194 193
91 218 92 223
106 214 108 217
177 195 179 198
140 205 143 207
129 208 129 219
181 194 181 205
81 221 84 223
70 224 70 235
152 202 152 213
134 207 134 218
175 196 176 201
15 239 15 249
120 211 120 222
187 193 190 195
87 220 89 223
28 236 31 238
132 208 133 213
43 232 46 234
147 204 149 207
170 198 173 200
185 194 185 205
96 218 99 220
59 228 62 230
74 224 77 226
93 219 93 230
123 211 125 214
86 221 86 232
101 217 102 222
153 203 156 205
105 216 105 227
24 238 27 240
54 230 57 232
17 240 18 245
136 208 137 213
162 201 162 212
47 232 50 234
73 225 73 236
51 231 52 236
11 241 11 249
7 243 9 246
37 235 40 237
63 228 66 230
115 214 116 219
138 208 140 211
12 242 14 245
157 203 160 205
150 205 150 216
191 194 194 196
117 214 118 219
169 200 169 211
195 193 197 196
69 227 69 238
121 213 121 224
58 230 58 241
144 207 145 212
81 224 84 226
111 216 113 219
141 208 143 211
67 228 67 239
19 241 21 244
168 201 168 212
146 207 146 218
187 196 190 198
28 239 31 241
80 225 80 236
106 218 109 220
43 235 46 237
177 199 180 201
36 237 36 248
170 201 173 203
96 221 99 223
59 231 62 233
85 224 85 235
74 227 77 229
126 213 126 224
78 226 78 237
104 219 104 230
130 212 130 223
153 206 156 208
183 198 184 203
87 224 90 226
24 241 27 243
54 233 57 235
95 222 95 233
147 208 149 211
32 239 33 244
47 235 50 237
174 201 174 212
37 238 40 240
63 231 66 233
41 237 42 242
123 215 125 218
157 206 160 208
191 197 194 199
91 224 92 229
110 219 110 230
103 221 103 232
81 227 84 229
163 205 163 216
167 204 167 215
182 200 182 211
71 230 71 241
175 202 177 205
138 212 141 214
53 235 53 246
187 199 190 201
165 205 165 216
195 197 197 200
28 242 31 244
106 221 109 223
132 214 133 219
43 238 44 243
170 204 173 206
96 224 99 226
59 234 62 236
111 220 113 223
74 230 77 232
178 202 180 205
186 200 186 211
19 245 22 247
45 238 48 240
101 223 102 228
127 216 128 221
153 209 156 211
142 212 143 217
16 246 18 249
87 227 90 229
24 244 27 246
54 236 57 238
136 214 137 219
166 206 166 217
51 237 51 248
100 224 100 235
37 241 40 243
63 234 66 236
115 220 118 222
49 238 50 243
131 216 131 227
157 209 160 211
68 233 68 244
191 200 194 202
147 212 149 215
81 230 84 232
122 219 125 221
119 220 119 231
145 213 145 224
138 215 141 217
135 216 135 227
161 209 161 220
187 202 190 204
28 245 31 247
106 224 109 226
170 207 173 209
96 227 99 229
59 237 62 239
74 233 77 235
19 248 24 249
45 241 48 243
175 206 178 208
153 212 156 214
183 204 184 209
94 228 94 239
198 200 199 205
87 230 90 232
195 201 197 204
54 239 57 241
32 245 35 247
151 213 151 224
114 223 117 225
144 215 144 226
111 224 113 227
37 244 40 246
63 237 65 240
41 243 42 248
164 210 164 221
179 206 181 209
79 233 79 244
157 212 160 214
72 235 72 246
191 203 194 205
91 230 91 241
25 247 27 249
129 220 129 231
66 237 66 248
92 230 92 241
118 223 118 234
81 233 84 235
122 222 125 224
152 214 152 225
134 219 134 230
138 218 141 220
120 223 120 234
187 205 190 207
28 248 33 249
106 227 109 229
132 220 133 225
43 244 46 246
147 216 148 221
170 210 172 213
185 206 185 217
96 230 99 232
59 240 62 242
74 236 77 238
93 231 93 242
149 216 149 227
175 209 178 211
86 233 89 235
101 229 102 234
127 222 128 227
153 215 156 217
142 218 142 229
105 228 105 239
143 218 143 229
54 242 57 244
173 210 173 221
136 220 137 225
162 213 162 224
47 244 50 246
73 237 73 248
114 226 117 228
70 238 70 249
37 247 40 249
157 215 160 217
150 217 150 228
191 206 194 208
169 212 169 223
195 205 196 210
121 225 124 227
81 236 84 238
69 239 69 249
111 228 113 231
63 241 65 244
197 205 197 216
138 221 141 223
179 210 181 213
146 219 146 230
187 208 190 210
80 237 80 248
106 230 109 232
67 240 67 249
43 247 46 249
58 243 61 245
125 225 126 230
96 233 99 235
85 236 88 238
78 238 78 249
104 231 104 242
175 212 178 214
153 218 153 229
168 214 168 225
183 210 184 215
198 206 199 211
76 239 77 244
154 218 157 220
54 245 57 247
95 234 95 245
47 247 50 249
114 229 117 231
170 214 172 217
174 213 174 224
89 236 90 241
191 209 194 211
158 218 160 221
121 228 124 230
103 233 103 244
81 239 83 242
163 217 163 228
74 241 75 246
167 216 167 227
130 226 130 237
138 224 141 226
187 211 189 214
106 233 109 235
132 226 133 231
147 222 147 233
58 246 61 248
84 239 87 241
110 232 112 235
62 245 65 247
96 236 99 238
148 222 148 233
52 248 57 249
182 213 182 224
186 212 186 223
175 215 178 217
190 211 190 222
101 235 102 240
127 228 128 233
179 214 181 217
113 232 116 234
165 218 166 223
154 221 157 223
136 226 137 231
100 236 100 247
88 239 88 249
191 212 193 215
195 211 196 216
121 231 124 233
170 218 172 221
145 225 145 236
138 227 141 229
131 229 131 240
135 228 135 239
161 221 161 232
117 233 117 244
106 236 109 238
158 222 160 225
84 242 87 244
125 231 126 236
81 243 83 246
96 239 98 242
175 218 178 220
183 216 184 221
198 212 199 217
187 215 189 218
113 235 116 237
154 224 157 226
110 236 110 247
151 225 151 236
62 248 65 249
94 240 94 249
111 236 112 241
99 239 99 249
89 242 92 244
164 222 164 233
179 218 181 221
121 234 124 236
129 232 129 243
118 235 120 238
74 247 77 249
134 231 134 242
138 230 141 232
191 216 194 218
106 239 107 244
132 232 133 237
84 245 87 247
170 222 173 224
185 218 185 229
108 239 109 244
149 228 149 239
175 221 178 223
101 241 102 246
127 234 128 239
142 230 144 233
113 238 116 240
165 224 166 229
154 227 157 229
158 226 160 229
136 232 137 237
105 240 105 249
96 243 98 246
89 245 92 247
187 219 189 222
169 224 169 235
195 217 197 220
121 237 124 239
81 248 86 249
138 233 141 235
179 222 181 225
146 231 146 242
191 219 194 221
125 237 126 242
118 239 120 242
170 225 173 227
152 230 155 232
175 224 178 226
168 226 168 237
183 222 183 233
198 218 199 223
113 241 116 243
184 222 184 233
174 225 174 236
111 242 112 247
156 230 159 232
142 234 144 237
89 248 93 249
95 247 98 249
121 240 124 242
163 229 163 240
167 228 167 239
130 238 130 249
138 236 138 247
103 245 104 249
187 223 190 225
139 236 141 239
191 222 194 224
195 221 197 224
106 245 109 247
132 238 133 243
147 234 148 239
162 230 162 241
170 228 173 230
152 233 155 235
160 231 160 242
186 224 186 235
175 227 180 228
127 240 128 245
113 244 116 246
165 230 166 235
136 238 136 249
181 226 181 237
118 243 121 245
156 233 159 235
122 243 125 245
145 237 145 248
175 229 178 231
142 238 144 241
161 233 161 244
187 226 190 228
150 236 150 247
191 225 194 227
106 248 117 248
170 231 173 233
135 240 135 249
152 236 155 238
179 229 180 234
198 224 199 229
113 247 124 247
139 240 141 243
117 246 128 246
195 225 197 228
156 236 156 247
108 249 119 249
164 234 164 245
158 236 159 241
175 232 178 234
131 244 134 246
157 237 157 248
187 229 190 231
191 228 194 230
147 240 149 243
151 239 152 244
118 248 129 248
170 234 173 236
185 230 185 241
153 239 155 242
142 242 144 245
165 236 166 241
182 232 182 243
139 244 141 247
169 236 169 247
195 229 197 232
120 249 129 249
175 235 178 237
131 247 134 249
187 232 190 234
191 231 194 233
170 237 173 239
179 235 180 240
168 238 168 249
183 234 184 239
198 230 199 235
147 244 148 249
174 237 174 248
153 243 155 246
142 246 144 249
158 242 159 247
175 238 178 240
187 235 190 237
137 248 141 249
191 234 194 236
167 240 167 249
195 233 197 236
162 242 163 247
170 240 173 242
186 236 186 247
165 242 166 247
181 238 181 249
152 247 155 249
175 241 178 243
187 238 190 240
191 237 193 240
160 245 161 249
170 243 173 245
179 241 180 246
194 237 197 239
183 240 184 245
198 236 199 241
175 244 178 246
187 241 190 243
162 248 166 249
194 240 197 242
191 241 192 246
193 241 193 249
175 247 178 249
187 244 189 247
182 246 185 248
194 243 197 245
198 242 199 247
186 248 191 249
194 246 197 248
